2026-07-18 15:00:13.774 INFO  restartedMain c.c.h.HealinghouseApplication : Starting HealinghouseApplication using Java 21.0.10 with PID 2360 (D:\HEALING_HOUSE\Clinic\Applications\healinghouse\target\classes started by hp in D:\HEALING_HOUSE\Clinic\Applications\healinghouse)
2026-07-18 15:00:13.774 INFO  restartedMain c.c.h.HealinghouseApplication : Starting HealinghouseApplication using Java 21.0.10 with PID 2360 (D:\HEALING_HOUSE\Clinic\Applications\healinghouse\target\classes started by hp in D:\HEALING_HOUSE\Clinic\Applications\healinghouse)
2026-07-18 15:00:13.780 DEBUG restartedMain c.c.h.HealinghouseApplication : Running with Spring Boot v4.1.0, Spring v7.0.8
2026-07-18 15:00:13.780 DEBUG restartedMain c.c.h.HealinghouseApplication : Running with Spring Boot v4.1.0, Spring v7.0.8
2026-07-18 15:00:13.782 INFO  restartedMain c.c.h.HealinghouseApplication : No active profile set, falling back to 1 default profile: "default"
2026-07-18 15:00:13.782 INFO  restartedMain c.c.h.HealinghouseApplication : No active profile set, falling back to 1 default profile: "default"
2026-07-18 15:00:13.921 INFO  restartedMain o.s.b.d.e.DevToolsPropertyDefaultsPostProcessor : Devtools property defaults active! Set 'spring.devtools.add-properties' to 'false' to disable
2026-07-18 15:00:13.922 INFO  restartedMain o.s.b.d.e.DevToolsPropertyDefaultsPostProcessor : For additional web related logging consider setting the 'logging.level.web' property to 'DEBUG'
2026-07-18 15:00:16.179 INFO  restartedMain o.s.d.r.c.RepositoryConfigurationDelegate : Bootstrapping Spring Data JPA repositories in DEFAULT mode.
2026-07-18 15:00:16.337 INFO  restartedMain o.s.d.r.c.RepositoryConfigurationDelegate : Finished Spring Data repository scanning in 145 ms. Found 19 JPA repository interfaces.
2026-07-18 15:00:17.965 INFO  restartedMain o.s.boot.tomcat.TomcatWebServer : Tomcat initialized with port 8080 (http)
2026-07-18 15:00:17.992 INFO  restartedMain o.a.catalina.core.StandardService : Starting service [Tomcat]
2026-07-18 15:00:17.993 INFO  restartedMain o.a.catalina.core.StandardEngine : Starting Servlet engine: [Apache Tomcat/11.0.22]
2026-07-18 15:00:18.099 INFO  restartedMain o.s.b.w.c.s.WebApplicationContextInitializer : Root WebApplicationContext: initialization completed in 4176 ms
2026-07-18 15:00:18.334 WARN  restartedMain o.a.c.c.C.[Tomcat].[localhost].[/] : Cannot deserialize session attribute [SPRING_SECURITY_CONTEXT] for session [C6F12C816A0C64E997131F187A2D19DE]
2026-07-18 15:00:19.491 INFO  restartedMain o.s.o.j.p.SpringPersistenceUnitInfo : No LoadTimeWeaver setup: ignoring JPA class transformer
2026-07-18 15:00:23.419 INFO  restartedMain o.s.o.j.LocalContainerEntityManagerFactoryBean : Initialized JPA EntityManagerFactory for persistence unit 'default'
2026-07-18 15:00:23.564 INFO  restartedMain o.s.d.j.r.q.QueryEnhancerFactories : Hibernate is in classpath; If applicable, HQL parser will be used.
2026-07-18 15:00:26.251 INFO  restartedMain c.c.h.security.PermissionService : Permission cache reloaded (4 roles).
2026-07-18 15:00:26.251 INFO  restartedMain c.c.h.security.PermissionService : Permission cache reloaded (4 roles).
2026-07-18 15:00:29.306 WARN  restartedMain o.s.b.j.a.JpaBaseConfiguration$JpaWebConfiguration : spring.jpa.open-in-view is enabled by default. Therefore, database queries may be performed during view rendering. Explicitly configure spring.jpa.open-in-view to disable this warning
2026-07-18 15:00:29.356 INFO  restartedMain o.s.s.c.a.a.c.InitializeUserDetailsBeanManagerConfigurer$InitializeUserDetailsManagerConfigurer : Global AuthenticationManager configured with UserDetailsService bean with name appUserDetailsService
2026-07-18 15:00:30.393 INFO  restartedMain o.s.boot.tomcat.TomcatWebServer : Tomcat started on port 8080 (http) with context path '/'
2026-07-18 15:00:30.405 INFO  restartedMain c.c.h.HealinghouseApplication : Started HealinghouseApplication in 18.155 seconds (process running for 19.437)
2026-07-18 15:00:30.405 INFO  restartedMain c.c.h.HealinghouseApplication : Started HealinghouseApplication in 18.155 seconds (process running for 19.437)
2026-07-18 15:00:30.573 INFO  restartedMain c.c.h.security.PermissionService : Permission cache reloaded (4 roles).
2026-07-18 15:00:30.573 INFO  restartedMain c.c.h.security.PermissionService : Permission cache reloaded (4 roles).
2026-07-18 15:01:11.866 INFO  http-nio-8080-exec-1 o.a.c.c.C.[Tomcat].[localhost].[/] : Initializing Spring DispatcherServlet 'dispatcherServlet'
2026-07-18 15:01:11.868 INFO  http-nio-8080-exec-1 o.s.web.servlet.DispatcherServlet : Initializing Servlet 'dispatcherServlet'
2026-07-18 15:01:11.879 INFO  http-nio-8080-exec-1 o.s.web.servlet.DispatcherServlet : Completed initialization in 11 ms
2026-07-18 15:01:59.149 INFO  http-nio-8080-exec-1 c.c.h.service.PatientService : Created patient id=9 name='Deva'
2026-07-18 15:01:59.149 INFO  http-nio-8080-exec-1 c.c.h.service.PatientService : Created patient id=9 name='Deva'
2026-07-18 15:02:30.460 INFO  http-nio-8080-exec-7 c.c.h.service.PatientService : Updated patient id=9 name='Devendra'
2026-07-18 15:02:30.460 INFO  http-nio-8080-exec-7 c.c.h.service.PatientService : Updated patient id=9 name='Devendra'
2026-07-18 15:11:35.575 INFO  SpringApplicationShutdownHook o.s.boot.tomcat.GracefulShutdown : Commencing graceful shutdown. Waiting for active requests to complete
2026-07-18 15:11:35.907 INFO  tomcat-shutdown o.s.boot.tomcat.GracefulShutdown : Graceful shutdown complete
2026-07-18 15:11:36.058 INFO  SpringApplicationShutdownHook o.s.o.j.LocalContainerEntityManagerFactoryBean : Closing JPA EntityManagerFactory for persistence unit 'default'
2026-07-18 15:11:54.606 INFO  restartedMain c.c.h.HealinghouseApplication : Starting HealinghouseApplication using Java 21.0.10 with PID 21696 (D:\HEALING_HOUSE\Clinic\Applications\healinghouse\target\classes started by hp in D:\HEALING_HOUSE\Clinic\Applications\healinghouse)
2026-07-18 15:11:54.606 INFO  restartedMain c.c.h.HealinghouseApplication : Starting HealinghouseApplication using Java 21.0.10 with PID 21696 (D:\HEALING_HOUSE\Clinic\Applications\healinghouse\target\classes started by hp in D:\HEALING_HOUSE\Clinic\Applications\healinghouse)
2026-07-18 15:11:54.611 DEBUG restartedMain c.c.h.HealinghouseApplication : Running with Spring Boot v4.1.0, Spring v7.0.8
2026-07-18 15:11:54.611 DEBUG restartedMain c.c.h.HealinghouseApplication : Running with Spring Boot v4.1.0, Spring v7.0.8
2026-07-18 15:11:54.613 INFO  restartedMain c.c.h.HealinghouseApplication : No active profile set, falling back to 1 default profile: "default"
2026-07-18 15:11:54.613 INFO  restartedMain c.c.h.HealinghouseApplication : No active profile set, falling back to 1 default profile: "default"
2026-07-18 15:11:54.736 INFO  restartedMain o.s.b.d.e.DevToolsPropertyDefaultsPostProcessor : Devtools property defaults active! Set 'spring.devtools.add-properties' to 'false' to disable
2026-07-18 15:11:54.737 INFO  restartedMain o.s.b.d.e.DevToolsPropertyDefaultsPostProcessor : For additional web related logging consider setting the 'logging.level.web' property to 'DEBUG'
2026-07-18 15:11:56.950 INFO  restartedMain o.s.d.r.c.RepositoryConfigurationDelegate : Bootstrapping Spring Data JPA repositories in DEFAULT mode.
2026-07-18 15:11:57.141 INFO  restartedMain o.s.d.r.c.RepositoryConfigurationDelegate : Finished Spring Data repository scanning in 171 ms. Found 19 JPA repository interfaces.
2026-07-18 15:11:59.401 INFO  restartedMain o.s.boot.tomcat.TomcatWebServer : Tomcat initialized with port 8080 (http)
2026-07-18 15:11:59.477 INFO  restartedMain o.a.catalina.core.StandardService : Starting service [Tomcat]
2026-07-18 15:11:59.478 INFO  restartedMain o.a.catalina.core.StandardEngine : Starting Servlet engine: [Apache Tomcat/11.0.22]
2026-07-18 15:11:59.565 INFO  restartedMain o.s.b.w.c.s.WebApplicationContextInitializer : Root WebApplicationContext: initialization completed in 4827 ms
2026-07-18 15:11:59.802 WARN  restartedMain o.a.c.c.C.[Tomcat].[localhost].[/] : Cannot deserialize session attribute [SPRING_SECURITY_CONTEXT] for session [25F2C98EC3A1EED72862DAE159554EF8]
2026-07-18 15:12:01.111 INFO  restartedMain o.s.o.j.p.SpringPersistenceUnitInfo : No LoadTimeWeaver setup: ignoring JPA class transformer
2026-07-18 15:12:05.055 INFO  restartedMain o.s.o.j.LocalContainerEntityManagerFactoryBean : Initialized JPA EntityManagerFactory for persistence unit 'default'
2026-07-18 15:12:05.247 INFO  restartedMain o.s.d.j.r.q.QueryEnhancerFactories : Hibernate is in classpath; If applicable, HQL parser will be used.
2026-07-18 15:12:08.095 INFO  restartedMain c.c.h.security.PermissionService : Permission cache reloaded (4 roles).
2026-07-18 15:12:08.095 INFO  restartedMain c.c.h.security.PermissionService : Permission cache reloaded (4 roles).
2026-07-18 15:12:10.982 WARN  restartedMain o.s.b.j.a.JpaBaseConfiguration$JpaWebConfiguration : spring.jpa.open-in-view is enabled by default. Therefore, database queries may be performed during view rendering. Explicitly configure spring.jpa.open-in-view to disable this warning
2026-07-18 15:12:11.100 INFO  restartedMain o.s.s.c.a.a.c.InitializeUserDetailsBeanManagerConfigurer$InitializeUserDetailsManagerConfigurer : Global AuthenticationManager configured with UserDetailsService bean with name appUserDetailsService
2026-07-18 15:12:12.470 INFO  restartedMain o.s.boot.tomcat.TomcatWebServer : Tomcat started on port 8080 (http) with context path '/'
2026-07-18 15:12:12.481 INFO  restartedMain c.c.h.HealinghouseApplication : Started HealinghouseApplication in 19.551 seconds (process running for 21.622)
2026-07-18 15:12:12.481 INFO  restartedMain c.c.h.HealinghouseApplication : Started HealinghouseApplication in 19.551 seconds (process running for 21.622)
2026-07-18 15:12:12.613 INFO  restartedMain c.c.h.security.PermissionService : Permission cache reloaded (4 roles).
2026-07-18 15:12:12.613 INFO  restartedMain c.c.h.security.PermissionService : Permission cache reloaded (4 roles).
2026-07-18 15:12:51.483 INFO  http-nio-8080-exec-1 o.a.c.c.C.[Tomcat].[localhost].[/] : Initializing Spring DispatcherServlet 'dispatcherServlet'
2026-07-18 15:12:51.483 INFO  http-nio-8080-exec-1 o.s.web.servlet.DispatcherServlet : Initializing Servlet 'dispatcherServlet'
2026-07-18 15:12:51.486 INFO  http-nio-8080-exec-1 o.s.web.servlet.DispatcherServlet : Completed initialization in 3 ms
2026-07-18 15:13:11.801 INFO  http-nio-8080-exec-9 c.c.h.service.PatientService : Deactivated patient id=9 name='Devendra'
2026-07-18 15:13:11.801 INFO  http-nio-8080-exec-9 c.c.h.service.PatientService : Deactivated patient id=9 name='Devendra'
2026-07-18 15:14:01.301 INFO  http-nio-8080-exec-10 c.c.h.service.TherapistService : Created therapist id=5 name='Logi'
2026-07-18 15:14:01.301 INFO  http-nio-8080-exec-10 c.c.h.service.TherapistService : Created therapist id=5 name='Logi'
2026-07-18 15:14:19.179 INFO  http-nio-8080-exec-6 c.c.h.service.TherapistService : Updated therapist id=5 name='Logi'
2026-07-18 15:14:19.179 INFO  http-nio-8080-exec-6 c.c.h.service.TherapistService : Updated therapist id=5 name='Logi'
2026-07-18 15:15:27.824 INFO  http-nio-8080-exec-8 c.c.h.service.AppointmentService : Appointment id=8 rescheduled to start=2026-07-18T07:00 duration=60min
2026-07-18 15:15:27.824 INFO  http-nio-8080-exec-8 c.c.h.service.AppointmentService : Appointment id=8 rescheduled to start=2026-07-18T07:00 duration=60min
2026-07-18 15:15:51.997 INFO  http-nio-8080-exec-1 c.c.h.service.AppointmentService : Appointment id=8 rescheduled to start=2026-07-18T10:00 duration=60min
2026-07-18 15:15:51.997 INFO  http-nio-8080-exec-1 c.c.h.service.AppointmentService : Appointment id=8 rescheduled to start=2026-07-18T10:00 duration=60min
2026-07-18 15:16:18.375 INFO  http-nio-8080-exec-7 c.c.h.service.AppointmentService : Created appointment id=10 patient='Fatima Sheikh' therapist='Marcia Gomes Yadav' grandTotal=1000.00
2026-07-18 15:16:18.375 INFO  http-nio-8080-exec-7 c.c.h.service.AppointmentService : Created appointment id=10 patient='Fatima Sheikh' therapist='Marcia Gomes Yadav' grandTotal=1000.00
2026-07-18 15:17:11.600 INFO  http-nio-8080-exec-4 c.c.h.service.TreatmentService : Created service id=43 name='test service'
2026-07-18 15:17:11.600 INFO  http-nio-8080-exec-4 c.c.h.service.TreatmentService : Created service id=43 name='test service'
2026-07-18 15:17:45.369 INFO  http-nio-8080-exec-2 c.c.h.service.TreatmentService : Updated service id=43 name='Test service'
2026-07-18 15:17:45.369 INFO  http-nio-8080-exec-2 c.c.h.service.TreatmentService : Updated service id=43 name='Test service'
2026-07-18 15:18:03.586 INFO  http-nio-8080-exec-8 c.c.h.service.TreatmentService : Deactivated service id=43 name='Test service'
2026-07-18 15:18:03.586 INFO  http-nio-8080-exec-8 c.c.h.service.TreatmentService : Deactivated service id=43 name='Test service'
2026-07-18 15:26:58.679 INFO  http-nio-8080-exec-5 c.c.h.service.TreatmentService : Created service id=44 name='AAAAA'
2026-07-18 15:26:58.679 INFO  http-nio-8080-exec-5 c.c.h.service.TreatmentService : Created service id=44 name='AAAAA'
2026-07-18 15:27:03.223 INFO  http-nio-8080-exec-2 c.c.h.service.TreatmentService : Deactivated service id=44 name='AAAAA'
2026-07-18 15:27:03.223 INFO  http-nio-8080-exec-2 c.c.h.service.TreatmentService : Deactivated service id=44 name='AAAAA'
2026-07-18 15:28:40.598 INFO  http-nio-8080-exec-1 c.c.h.service.ProductService : Created product id=8 name='AAPRODUCT' stock=25
2026-07-18 15:28:40.598 INFO  http-nio-8080-exec-1 c.c.h.service.ProductService : Created product id=8 name='AAPRODUCT' stock=25
2026-07-18 15:28:45.768 INFO  http-nio-8080-exec-3 c.c.h.service.ProductService : Deactivated product id=8 name='AAPRODUCT'
2026-07-18 15:28:45.768 INFO  http-nio-8080-exec-3 c.c.h.service.ProductService : Deactivated product id=8 name='AAPRODUCT'
2026-07-18 17:58:19.194 INFO  SpringApplicationShutdownHook o.s.boot.tomcat.GracefulShutdown : Commencing graceful shutdown. Waiting for active requests to complete
2026-07-18 17:58:19.334 INFO  tomcat-shutdown o.s.boot.tomcat.GracefulShutdown : Graceful shutdown complete
2026-07-18 17:58:19.385 INFO  SpringApplicationShutdownHook o.s.o.j.LocalContainerEntityManagerFactoryBean : Closing JPA EntityManagerFactory for persistence unit 'default'
2026-07-18 22:03:50.501 INFO  restartedMain c.c.h.HealinghouseApplication : Starting HealinghouseApplication using Java 21.0.10 with PID 22684 (D:\HEALING_HOUSE\Clinic\Applications\healinghouse\target\classes started by hp in D:\HEALING_HOUSE\Clinic\Applications\healinghouse)
2026-07-18 22:03:50.501 INFO  restartedMain c.c.h.HealinghouseApplication : Starting HealinghouseApplication using Java 21.0.10 with PID 22684 (D:\HEALING_HOUSE\Clinic\Applications\healinghouse\target\classes started by hp in D:\HEALING_HOUSE\Clinic\Applications\healinghouse)
2026-07-18 22:03:50.525 DEBUG restartedMain c.c.h.HealinghouseApplication : Running with Spring Boot v4.1.0, Spring v7.0.8
2026-07-18 22:03:50.525 DEBUG restartedMain c.c.h.HealinghouseApplication : Running with Spring Boot v4.1.0, Spring v7.0.8
2026-07-18 22:03:50.529 INFO  restartedMain c.c.h.HealinghouseApplication : No active profile set, falling back to 1 default profile: "default"
2026-07-18 22:03:50.529 INFO  restartedMain c.c.h.HealinghouseApplication : No active profile set, falling back to 1 default profile: "default"
2026-07-18 22:03:50.830 INFO  restartedMain o.s.b.d.e.DevToolsPropertyDefaultsPostProcessor : Devtools property defaults active! Set 'spring.devtools.add-properties' to 'false' to disable
2026-07-18 22:03:50.831 INFO  restartedMain o.s.b.d.e.DevToolsPropertyDefaultsPostProcessor : For additional web related logging consider setting the 'logging.level.web' property to 'DEBUG'
2026-07-18 22:03:53.917 INFO  restartedMain o.s.d.r.c.RepositoryConfigurationDelegate : Bootstrapping Spring Data JPA repositories in DEFAULT mode.
2026-07-18 22:03:54.484 INFO  restartedMain o.s.d.r.c.RepositoryConfigurationDelegate : Finished Spring Data repository scanning in 537 ms. Found 19 JPA repository interfaces.
2026-07-18 22:03:58.369 INFO  restartedMain o.s.boot.tomcat.TomcatWebServer : Tomcat initialized with port 8080 (http)
2026-07-18 22:03:58.420 INFO  restartedMain o.a.catalina.core.StandardService : Starting service [Tomcat]
2026-07-18 22:03:58.422 INFO  restartedMain o.a.catalina.core.StandardEngine : Starting Servlet engine: [Apache Tomcat/11.0.22]
2026-07-18 22:03:58.571 INFO  restartedMain o.s.b.w.c.s.WebApplicationContextInitializer : Root WebApplicationContext: initialization completed in 7739 ms
2026-07-18 22:04:00.760 INFO  restartedMain o.s.o.j.p.SpringPersistenceUnitInfo : No LoadTimeWeaver setup: ignoring JPA class transformer
2026-07-18 22:04:05.593 INFO  restartedMain o.s.o.j.LocalContainerEntityManagerFactoryBean : Initialized JPA EntityManagerFactory for persistence unit 'default'
2026-07-18 22:04:05.755 INFO  restartedMain o.s.d.j.r.q.QueryEnhancerFactories : Hibernate is in classpath; If applicable, HQL parser will be used.
2026-07-18 22:04:08.544 INFO  restartedMain c.c.h.security.PermissionService : Permission cache reloaded (4 roles).
2026-07-18 22:04:08.544 INFO  restartedMain c.c.h.security.PermissionService : Permission cache reloaded (4 roles).
2026-07-18 22:04:12.442 WARN  restartedMain o.s.b.j.a.JpaBaseConfiguration$JpaWebConfiguration : spring.jpa.open-in-view is enabled by default. Therefore, database queries may be performed during view rendering. Explicitly configure spring.jpa.open-in-view to disable this warning
2026-07-18 22:04:12.873 INFO  restartedMain o.s.s.c.a.a.c.InitializeUserDetailsBeanManagerConfigurer$InitializeUserDetailsManagerConfigurer : Global AuthenticationManager configured with UserDetailsService bean with name appUserDetailsService
2026-07-18 22:04:16.659 INFO  restartedMain o.s.boot.tomcat.TomcatWebServer : Tomcat started on port 8080 (http) with context path '/'
2026-07-18 22:04:16.677 INFO  restartedMain c.c.h.HealinghouseApplication : Started HealinghouseApplication in 28.806 seconds (process running for 36.548)
2026-07-18 22:04:16.677 INFO  restartedMain c.c.h.HealinghouseApplication : Started HealinghouseApplication in 28.806 seconds (process running for 36.548)
2026-07-18 22:04:16.972 INFO  restartedMain c.c.h.security.PermissionService : Permission cache reloaded (4 roles).
2026-07-18 22:04:16.972 INFO  restartedMain c.c.h.security.PermissionService : Permission cache reloaded (4 roles).
2026-07-18 22:04:58.049 INFO  http-nio-8080-exec-1 o.a.c.c.C.[Tomcat].[localhost].[/] : Initializing Spring DispatcherServlet 'dispatcherServlet'
2026-07-18 22:04:58.050 INFO  http-nio-8080-exec-1 o.s.web.servlet.DispatcherServlet : Initializing Servlet 'dispatcherServlet'
2026-07-18 22:04:58.059 INFO  http-nio-8080-exec-1 o.s.web.servlet.DispatcherServlet : Completed initialization in 9 ms
2026-07-18 22:07:50.790 INFO  http-nio-8080-exec-3 c.c.healinghouse.service.UserService : User id=1 username='owner' changed their own password
2026-07-18 22:07:50.790 INFO  http-nio-8080-exec-3 c.c.healinghouse.service.UserService : User id=1 username='owner' changed their own password
2026-07-18 22:08:13.239 INFO  http-nio-8080-exec-10 c.c.h.service.PatientService : Reactivated patient id=9 name='Devendra'
2026-07-18 22:08:13.239 INFO  http-nio-8080-exec-10 c.c.h.service.PatientService : Reactivated patient id=9 name='Devendra'
2026-07-18 22:08:25.333 INFO  http-nio-8080-exec-4 c.c.h.service.PatientService : Deactivated patient id=9 name='Devendra'
2026-07-18 22:08:25.333 INFO  http-nio-8080-exec-4 c.c.h.service.PatientService : Deactivated patient id=9 name='Devendra'
2026-07-18 22:08:39.950 INFO  http-nio-8080-exec-1 c.c.h.service.PatientService : Updated patient id=9 name='Devendra'
2026-07-18 22:08:39.950 INFO  http-nio-8080-exec-1 c.c.h.service.PatientService : Updated patient id=9 name='Devendra'
2026-07-18 22:09:01.018 INFO  http-nio-8080-exec-8 c.c.h.service.TherapistService : Deactivated therapist id=5 name='Logi'
2026-07-18 22:09:01.018 INFO  http-nio-8080-exec-8 c.c.h.service.TherapistService : Deactivated therapist id=5 name='Logi'
2026-07-18 22:09:06.908 INFO  http-nio-8080-exec-3 c.c.h.service.TherapistService : Reactivated therapist id=5 name='Logi'
2026-07-18 22:09:06.908 INFO  http-nio-8080-exec-3 c.c.h.service.TherapistService : Reactivated therapist id=5 name='Logi'
2026-07-18 22:09:25.441 INFO  http-nio-8080-exec-5 c.c.h.service.TreatmentService : Permanently deleted service id=44 name='AAAAA'
2026-07-18 22:09:25.441 INFO  http-nio-8080-exec-5 c.c.h.service.TreatmentService : Permanently deleted service id=44 name='AAAAA'
2026-07-18 22:09:38.653 INFO  http-nio-8080-exec-6 c.c.h.service.TreatmentService : Permanently deleted service id=43 name='Test service'
2026-07-18 22:09:38.653 INFO  http-nio-8080-exec-6 c.c.h.service.TreatmentService : Permanently deleted service id=43 name='Test service'
2026-07-18 22:09:43.685 INFO  http-nio-8080-exec-10 c.c.h.service.TreatmentService : Deactivated service id=1 name='Abhyanga Massage'
2026-07-18 22:09:43.685 INFO  http-nio-8080-exec-10 c.c.h.service.TreatmentService : Deactivated service id=1 name='Abhyanga Massage'
2026-07-18 22:09:43.752 INFO  http-nio-8080-exec-10 c.c.h.service.ComboService : Removed deactivated catalog item from combo id=1 name='Test combo'
2026-07-18 22:09:43.752 INFO  http-nio-8080-exec-10 c.c.h.service.ComboService : Removed deactivated catalog item from combo id=1 name='Test combo'
2026-07-18 22:09:48.947 INFO  http-nio-8080-exec-7 c.c.h.service.TreatmentService : Reactivated service id=1 name='Abhyanga Massage'
2026-07-18 22:09:48.947 INFO  http-nio-8080-exec-7 c.c.h.service.TreatmentService : Reactivated service id=1 name='Abhyanga Massage'
2026-07-18 22:10:02.305 INFO  http-nio-8080-exec-5 c.c.h.service.ProductService : Permanently deleted product id=8 name='AAPRODUCT'
2026-07-18 22:10:02.305 INFO  http-nio-8080-exec-5 c.c.h.service.ProductService : Permanently deleted product id=8 name='AAPRODUCT'
2026-07-18 22:11:28.210 INFO  http-nio-8080-exec-9 c.c.h.service.AppointmentService : Appointment id=5 marked CANCELLED reason=''
2026-07-18 22:11:28.210 INFO  http-nio-8080-exec-9 c.c.h.service.AppointmentService : Appointment id=5 marked CANCELLED reason=''
2026-07-18 22:11:58.086 INFO  http-nio-8080-exec-4 c.c.h.service.AppointmentService : Created appointment id=11 patient='Fatima Sheikh' therapist='Marcia Gomes Yadav' grandTotal=1000.00
2026-07-18 22:11:58.086 INFO  http-nio-8080-exec-4 c.c.h.service.AppointmentService : Created appointment id=11 patient='Fatima Sheikh' therapist='Marcia Gomes Yadav' grandTotal=1000.00
2026-07-18 22:13:31.640 INFO  http-nio-8080-exec-3 c.c.h.service.AppointmentService : Updated appointment id=8
2026-07-18 22:13:31.640 INFO  http-nio-8080-exec-3 c.c.h.service.AppointmentService : Updated appointment id=8
2026-07-18 22:13:35.300 INFO  http-nio-8080-exec-9 c.c.h.service.AppointmentService : Appointment id=8 marked COMPLETED
2026-07-18 22:13:35.300 INFO  http-nio-8080-exec-9 c.c.h.service.AppointmentService : Appointment id=8 marked COMPLETED
2026-07-18 22:15:12.800 INFO  http-nio-8080-exec-1 c.c.healinghouse.service.UserService : User id=2 username='arjun' changed their own password
2026-07-18 22:15:12.800 INFO  http-nio-8080-exec-1 c.c.healinghouse.service.UserService : User id=2 username='arjun' changed their own password
2026-07-18 22:15:23.006 WARN  http-nio-8080-exec-4 c.c.h.e.GlobalExceptionHandler : Access denied: The patients list isn't available for your role.
2026-07-18 22:15:23.006 WARN  http-nio-8080-exec-4 c.c.h.e.GlobalExceptionHandler : Access denied: The patients list isn't available for your role.
2026-07-18 22:15:23.012 WARN  http-nio-8080-exec-4 o.s.w.s.m.m.a.ExceptionHandlerExceptionResolver : Resolved [org.springframework.security.access.AccessDeniedException: The patients list isn't available for your role.]
2026-07-18 22:15:25.882 WARN  http-nio-8080-exec-7 c.c.h.e.GlobalExceptionHandler : Access denied: The patients list isn't available for your role.
2026-07-18 22:15:25.882 WARN  http-nio-8080-exec-7 c.c.h.e.GlobalExceptionHandler : Access denied: The patients list isn't available for your role.
2026-07-18 22:15:25.884 WARN  http-nio-8080-exec-7 o.s.w.s.m.m.a.ExceptionHandlerExceptionResolver : Resolved [org.springframework.security.access.AccessDeniedException: The patients list isn't available for your role.]
2026-07-18 22:16:04.903 WARN  http-nio-8080-exec-8 c.c.h.e.GlobalExceptionHandler : Access denied: You don't have permission to perform this action.
2026-07-18 22:16:04.903 WARN  http-nio-8080-exec-8 c.c.h.e.GlobalExceptionHandler : Access denied: You don't have permission to perform this action.
2026-07-18 22:16:04.917 WARN  http-nio-8080-exec-8 o.s.w.s.m.m.a.ExceptionHandlerExceptionResolver : Resolved [org.springframework.security.access.AccessDeniedException: You don't have permission to perform this action.]
2026-07-18 22:16:13.024 WARN  http-nio-8080-exec-10 c.c.h.e.GlobalExceptionHandler : Access denied: You don't have permission to perform this action.
2026-07-18 22:16:13.024 WARN  http-nio-8080-exec-10 c.c.h.e.GlobalExceptionHandler : Access denied: You don't have permission to perform this action.
2026-07-18 22:16:13.025 WARN  http-nio-8080-exec-10 o.s.w.s.m.m.a.ExceptionHandlerExceptionResolver : Resolved [org.springframework.security.access.AccessDeniedException: You don't have permission to perform this action.]
2026-07-18 22:16:17.438 WARN  http-nio-8080-exec-7 c.c.h.e.GlobalExceptionHandler : Access denied: You don't have permission to perform this action.
2026-07-18 22:16:17.438 WARN  http-nio-8080-exec-7 c.c.h.e.GlobalExceptionHandler : Access denied: You don't have permission to perform this action.
2026-07-18 22:16:17.439 WARN  http-nio-8080-exec-7 o.s.w.s.m.m.a.ExceptionHandlerExceptionResolver : Resolved [org.springframework.security.access.AccessDeniedException: You don't have permission to perform this action.]
2026-07-18 22:16:20.845 WARN  http-nio-8080-exec-2 c.c.h.e.GlobalExceptionHandler : Access denied: You don't have permission to perform this action.
2026-07-18 22:16:20.845 WARN  http-nio-8080-exec-2 c.c.h.e.GlobalExceptionHandler : Access denied: You don't have permission to perform this action.
2026-07-18 22:16:20.846 WARN  http-nio-8080-exec-2 o.s.w.s.m.m.a.ExceptionHandlerExceptionResolver : Resolved [org.springframework.security.access.AccessDeniedException: You don't have permission to perform this action.]
2026-07-18 22:16:27.309 WARN  http-nio-8080-exec-5 c.c.h.e.GlobalExceptionHandler : Access denied: You don't have permission to perform this action.
2026-07-18 22:16:27.309 WARN  http-nio-8080-exec-5 c.c.h.e.GlobalExceptionHandler : Access denied: You don't have permission to perform this action.
2026-07-18 22:16:27.309 WARN  http-nio-8080-exec-5 o.s.w.s.m.m.a.ExceptionHandlerExceptionResolver : Resolved [org.springframework.security.access.AccessDeniedException: You don't have permission to perform this action.]
2026-07-18 22:16:31.950 WARN  http-nio-8080-exec-9 c.c.h.e.GlobalExceptionHandler : Access denied: You don't have permission to perform this action.
2026-07-18 22:16:31.950 WARN  http-nio-8080-exec-9 c.c.h.e.GlobalExceptionHandler : Access denied: You don't have permission to perform this action.
2026-07-18 22:16:31.955 WARN  http-nio-8080-exec-9 o.s.w.s.m.m.a.ExceptionHandlerExceptionResolver : Resolved [org.springframework.security.access.AccessDeniedException: You don't have permission to perform this action.]
2026-07-18 22:16:36.552 WARN  http-nio-8080-exec-8 c.c.h.e.GlobalExceptionHandler : Access denied: You don't have permission to perform this action.
2026-07-18 22:16:36.552 WARN  http-nio-8080-exec-8 c.c.h.e.GlobalExceptionHandler : Access denied: You don't have permission to perform this action.
2026-07-18 22:16:36.552 WARN  http-nio-8080-exec-8 o.s.w.s.m.m.a.ExceptionHandlerExceptionResolver : Resolved [org.springframework.security.access.AccessDeniedException: You don't have permission to perform this action.]
2026-07-18 22:16:45.190 WARN  http-nio-8080-exec-9 c.c.h.e.GlobalExceptionHandler : Access denied: You don't have permission to perform this action.
2026-07-18 22:16:45.190 WARN  http-nio-8080-exec-9 c.c.h.e.GlobalExceptionHandler : Access denied: You don't have permission to perform this action.
2026-07-18 22:16:45.190 WARN  http-nio-8080-exec-9 o.s.w.s.m.m.a.ExceptionHandlerExceptionResolver : Resolved [org.springframework.security.access.AccessDeniedException: You don't have permission to perform this action.]
2026-07-18 22:16:49.966 WARN  http-nio-8080-exec-3 c.c.h.e.GlobalExceptionHandler : Access denied: You don't have permission to perform this action.
2026-07-18 22:16:49.966 WARN  http-nio-8080-exec-3 c.c.h.e.GlobalExceptionHandler : Access denied: You don't have permission to perform this action.
2026-07-18 22:16:49.967 WARN  http-nio-8080-exec-3 o.s.w.s.m.m.a.ExceptionHandlerExceptionResolver : Resolved [org.springframework.security.access.AccessDeniedException: You don't have permission to perform this action.]
2026-07-18 22:16:55.935 WARN  http-nio-8080-exec-9 c.c.h.e.GlobalExceptionHandler : Access denied: You don't have permission to perform this action.
2026-07-18 22:16:55.935 WARN  http-nio-8080-exec-9 c.c.h.e.GlobalExceptionHandler : Access denied: You don't have permission to perform this action.
2026-07-18 22:16:55.936 WARN  http-nio-8080-exec-9 o.s.w.s.m.m.a.ExceptionHandlerExceptionResolver : Resolved [org.springframework.security.access.AccessDeniedException: You don't have permission to perform this action.]
2026-07-18 22:16:58.775 WARN  http-nio-8080-exec-8 c.c.h.e.GlobalExceptionHandler : Access denied: You don't have permission to perform this action.
2026-07-18 22:16:58.775 WARN  http-nio-8080-exec-8 c.c.h.e.GlobalExceptionHandler : Access denied: You don't have permission to perform this action.
2026-07-18 22:16:58.776 WARN  http-nio-8080-exec-8 o.s.w.s.m.m.a.ExceptionHandlerExceptionResolver : Resolved [org.springframework.security.access.AccessDeniedException: You don't have permission to perform this action.]
2026-07-18 22:17:02.447 WARN  http-nio-8080-exec-10 c.c.h.e.GlobalExceptionHandler : Access denied: You don't have permission to perform this action.
2026-07-18 22:17:02.447 WARN  http-nio-8080-exec-10 c.c.h.e.GlobalExceptionHandler : Access denied: You don't have permission to perform this action.
2026-07-18 22:17:02.447 WARN  http-nio-8080-exec-10 o.s.w.s.m.m.a.ExceptionHandlerExceptionResolver : Resolved [org.springframework.security.access.AccessDeniedException: You don't have permission to perform this action.]
2026-07-18 22:17:20.424 WARN  http-nio-8080-exec-6 c.c.h.e.GlobalExceptionHandler : Access denied: You don't have permission to perform this action.
2026-07-18 22:17:20.424 WARN  http-nio-8080-exec-6 c.c.h.e.GlobalExceptionHandler : Access denied: You don't have permission to perform this action.
2026-07-18 22:17:20.425 WARN  http-nio-8080-exec-6 o.s.w.s.m.m.a.ExceptionHandlerExceptionResolver : Resolved [org.springframework.security.access.AccessDeniedException: You don't have permission to perform this action.]
2026-07-18 22:17:44.550 WARN  http-nio-8080-exec-8 c.c.h.e.GlobalExceptionHandler : Access denied: This report isn't available for your role.
2026-07-18 22:17:44.550 WARN  http-nio-8080-exec-8 c.c.h.e.GlobalExceptionHandler : Access denied: This report isn't available for your role.
2026-07-18 22:17:44.551 WARN  http-nio-8080-exec-8 o.s.w.s.m.m.a.ExceptionHandlerExceptionResolver : Resolved [org.springframework.security.access.AccessDeniedException: This report isn't available for your role.]
2026-07-18 22:17:47.003 WARN  http-nio-8080-exec-10 c.c.h.e.GlobalExceptionHandler : Access denied: This report isn't available for your role.
2026-07-18 22:17:47.003 WARN  http-nio-8080-exec-10 c.c.h.e.GlobalExceptionHandler : Access denied: This report isn't available for your role.
2026-07-18 22:17:47.004 WARN  http-nio-8080-exec-10 o.s.w.s.m.m.a.ExceptionHandlerExceptionResolver : Resolved [org.springframework.security.access.AccessDeniedException: This report isn't available for your role.]
2026-07-18 22:17:48.587 WARN  http-nio-8080-exec-4 c.c.h.e.GlobalExceptionHandler : Access denied: This report isn't available for your role.
2026-07-18 22:17:48.587 WARN  http-nio-8080-exec-4 c.c.h.e.GlobalExceptionHandler : Access denied: This report isn't available for your role.
2026-07-18 22:17:48.594 WARN  http-nio-8080-exec-4 o.s.w.s.m.m.a.ExceptionHandlerExceptionResolver : Resolved [org.springframework.security.access.AccessDeniedException: This report isn't available for your role.]
2026-07-18 22:17:48.693 WARN  http-nio-8080-exec-6 c.c.h.e.GlobalExceptionHandler : Access denied: This report isn't available for your role.
2026-07-18 22:17:48.693 WARN  http-nio-8080-exec-6 c.c.h.e.GlobalExceptionHandler : Access denied: This report isn't available for your role.
2026-07-18 22:17:48.693 WARN  http-nio-8080-exec-6 o.s.w.s.m.m.a.ExceptionHandlerExceptionResolver : Resolved [org.springframework.security.access.AccessDeniedException: This report isn't available for your role.]
2026-07-18 22:17:50.051 WARN  http-nio-8080-exec-1 c.c.h.e.GlobalExceptionHandler : Access denied: This report isn't available for your role.
2026-07-18 22:17:50.051 WARN  http-nio-8080-exec-1 c.c.h.e.GlobalExceptionHandler : Access denied: This report isn't available for your role.
2026-07-18 22:17:50.069 WARN  http-nio-8080-exec-1 o.s.w.s.m.m.a.ExceptionHandlerExceptionResolver : Resolved [org.springframework.security.access.AccessDeniedException: This report isn't available for your role.]
2026-07-18 22:17:50.111 WARN  http-nio-8080-exec-3 c.c.h.e.GlobalExceptionHandler : Access denied: This report isn't available for your role.
2026-07-18 22:17:50.111 WARN  http-nio-8080-exec-3 c.c.h.e.GlobalExceptionHandler : Access denied: This report isn't available for your role.
2026-07-18 22:17:50.111 WARN  http-nio-8080-exec-3 o.s.w.s.m.m.a.ExceptionHandlerExceptionResolver : Resolved [org.springframework.security.access.AccessDeniedException: This report isn't available for your role.]
2026-07-18 22:17:51.561 WARN  http-nio-8080-exec-7 c.c.h.e.GlobalExceptionHandler : Access denied: You don't have permission to perform this action.
2026-07-18 22:17:51.561 WARN  http-nio-8080-exec-7 c.c.h.e.GlobalExceptionHandler : Access denied: You don't have permission to perform this action.
2026-07-18 22:17:51.562 WARN  http-nio-8080-exec-7 o.s.w.s.m.m.a.ExceptionHandlerExceptionResolver : Resolved [org.springframework.security.access.AccessDeniedException: You don't have permission to perform this action.]
2026-07-18 22:17:51.709 WARN  http-nio-8080-exec-9 c.c.h.e.GlobalExceptionHandler : Access denied: You don't have permission to perform this action.
2026-07-18 22:17:51.709 WARN  http-nio-8080-exec-9 c.c.h.e.GlobalExceptionHandler : Access denied: You don't have permission to perform this action.
2026-07-18 22:17:51.709 WARN  http-nio-8080-exec-9 o.s.w.s.m.m.a.ExceptionHandlerExceptionResolver : Resolved [org.springframework.security.access.AccessDeniedException: You don't have permission to perform this action.]
2026-07-18 22:17:53.725 WARN  http-nio-8080-exec-8 c.c.h.e.GlobalExceptionHandler : Access denied: This report isn't available for your role.
2026-07-18 22:17:53.725 WARN  http-nio-8080-exec-8 c.c.h.e.GlobalExceptionHandler : Access denied: This report isn't available for your role.
2026-07-18 22:17:53.726 WARN  http-nio-8080-exec-8 o.s.w.s.m.m.a.ExceptionHandlerExceptionResolver : Resolved [org.springframework.security.access.AccessDeniedException: This report isn't available for your role.]
2026-07-18 22:17:55.495 WARN  http-nio-8080-exec-10 c.c.h.e.GlobalExceptionHandler : Access denied: This report isn't available for your role.
2026-07-18 22:17:55.495 WARN  http-nio-8080-exec-10 c.c.h.e.GlobalExceptionHandler : Access denied: This report isn't available for your role.
2026-07-18 22:17:55.495 WARN  http-nio-8080-exec-10 o.s.w.s.m.m.a.ExceptionHandlerExceptionResolver : Resolved [org.springframework.security.access.AccessDeniedException: This report isn't available for your role.]
2026-07-18 23:17:31.259 INFO  File Watcher o.s.b.d.a.LocalDevToolsAutoConfiguration$RestartingClassPathChangeChangedEventListener : Restarting due to 212 class path changes (0 additions, 212 deletions, 0 modifications)
2026-07-18 23:17:31.992 INFO  Thread-1 o.s.boot.tomcat.GracefulShutdown : Commencing graceful shutdown. Waiting for active requests to complete
2026-07-18 23:17:32.259 INFO  tomcat-shutdown o.s.boot.tomcat.GracefulShutdown : Graceful shutdown complete
2026-07-18 23:17:32.276 ERROR http-nio-8080-Acceptor org.apache.tomcat.util.net.Acceptor : Socket accept failed
java.nio.channels.AsynchronousCloseException
	at java.base/java.nio.channels.spi.AbstractInterruptibleChannel.end(AbstractInterruptibleChannel.java:203)
	at java.base/sun.nio.ch.ServerSocketChannelImpl.end(ServerSocketChannelImpl.java:383)
	at java.base/sun.nio.ch.ServerSocketChannelImpl.accept(ServerSocketChannelImpl.java:407)
	at org.apache.tomcat.util.net.NioEndpoint.serverSocketAccept(NioEndpoint.java:532)
	at org.apache.tomcat.util.net.NioEndpoint.serverSocketAccept(NioEndpoint.java:71)
	at org.apache.tomcat.util.net.Acceptor.run(Acceptor.java:127)
	at java.base/java.lang.Thread.run(Thread.java:1583)
2026-07-18 23:17:32.784 INFO  Thread-1 o.s.o.j.LocalContainerEntityManagerFactoryBean : Closing JPA EntityManagerFactory for persistence unit 'default'
2026-07-18 23:17:36.764 INFO  restartedMain c.c.h.HealinghouseApplication : Starting HealinghouseApplication using Java 21.0.10 with PID 22684 (D:\HEALING_HOUSE\Clinic\Applications\healinghouse\target\classes started by hp in D:\HEALING_HOUSE\Clinic\Applications\healinghouse)
2026-07-18 23:17:36.764 INFO  restartedMain c.c.h.HealinghouseApplication : Starting HealinghouseApplication using Java 21.0.10 with PID 22684 (D:\HEALING_HOUSE\Clinic\Applications\healinghouse\target\classes started by hp in D:\HEALING_HOUSE\Clinic\Applications\healinghouse)
2026-07-18 23:17:36.764 DEBUG restartedMain c.c.h.HealinghouseApplication : Running with Spring Boot v4.1.0, Spring v7.0.8
2026-07-18 23:17:36.764 DEBUG restartedMain c.c.h.HealinghouseApplication : Running with Spring Boot v4.1.0, Spring v7.0.8
2026-07-18 23:17:36.765 INFO  restartedMain c.c.h.HealinghouseApplication : No active profile set, falling back to 1 default profile: "default"
2026-07-18 23:17:36.765 INFO  restartedMain c.c.h.HealinghouseApplication : No active profile set, falling back to 1 default profile: "default"
2026-07-18 23:17:38.245 INFO  restartedMain o.s.d.r.c.RepositoryConfigurationDelegate : Bootstrapping Spring Data JPA repositories in DEFAULT mode.
2026-07-18 23:17:38.289 INFO  restartedMain o.s.d.r.c.RepositoryConfigurationDelegate : Finished Spring Data repository scanning in 13 ms. Found 0 JPA repository interfaces.
2026-07-18 23:17:39.362 INFO  restartedMain o.s.boot.tomcat.TomcatWebServer : Tomcat initialized with port 8080 (http)
2026-07-18 23:17:39.369 INFO  restartedMain o.a.catalina.core.StandardService : Starting service [Tomcat]
2026-07-18 23:17:39.370 INFO  restartedMain o.a.catalina.core.StandardEngine : Starting Servlet engine: [Apache Tomcat/11.0.22]
2026-07-18 23:17:40.078 INFO  restartedMain o.s.b.w.c.s.WebApplicationContextInitializer : Root WebApplicationContext: initialization completed in 3305 ms
2026-07-18 23:17:41.526 INFO  restartedMain o.s.o.j.p.SpringPersistenceUnitInfo : No LoadTimeWeaver setup: ignoring JPA class transformer
2026-07-18 23:17:41.902 INFO  restartedMain o.s.o.j.LocalContainerEntityManagerFactoryBean : Initialized JPA EntityManagerFactory for persistence unit 'default'
2026-07-18 23:17:42.050 WARN  restartedMain o.s.b.j.a.JpaBaseConfiguration$JpaWebConfiguration : spring.jpa.open-in-view is enabled by default. Therefore, database queries may be performed during view rendering. Explicitly configure spring.jpa.open-in-view to disable this warning
2026-07-18 23:17:42.669 WARN  restartedMain o.s.b.s.a.UserDetailsServiceAutoConfiguration : 

Using generated security password: 22364825-5439-42dd-ba0c-48c8acf28845

This generated password is for development use only. Your security configuration must be updated before running your application in production.

2026-07-18 23:17:42.748 INFO  restartedMain o.s.s.c.a.a.c.InitializeUserDetailsBeanManagerConfigurer$InitializeUserDetailsManagerConfigurer : Global AuthenticationManager configured with UserDetailsService bean with name inMemoryUserDetailsManager
2026-07-18 23:17:43.121 INFO  restartedMain o.s.boot.tomcat.TomcatWebServer : Tomcat started on port 8080 (http) with context path '/'
2026-07-18 23:17:43.135 INFO  restartedMain c.c.h.HealinghouseApplication : Started HealinghouseApplication in 7.077 seconds (process running for 4442.977)
2026-07-18 23:17:43.135 INFO  restartedMain c.c.h.HealinghouseApplication : Started HealinghouseApplication in 7.077 seconds (process running for 4442.977)
2026-07-18 23:17:43.146 INFO  restartedMain o.s.b.d.a.ConditionEvaluationDeltaLoggingListener : Condition evaluation delta:


==========================
CONDITION EVALUATION DELTA
==========================


Positive matches:
-----------------

   ServletWebSecurityAutoConfiguration.EnableWebSecurityConfiguration matched:
      - @ConditionalOnClass found required class 'org.springframework.security.config.annotation.web.configuration.EnableWebSecurity' (OnClassCondition)
      - @ConditionalOnMissingBean (names: springSecurityFilterChain; SearchStrategy: all) did not find any beans (OnBeanCondition)

   ServletWebSecurityAutoConfiguration.SecurityFilterChainConfiguration matched:
      - AllNestedConditions 2 matched 0 did not; NestedCondition on DefaultWebSecurityCondition.Beans @ConditionalOnMissingBean (types: org.springframework.security.web.SecurityFilterChain; SearchStrategy: all) did not find any beans; NestedCondition on DefaultWebSecurityCondition.Classes @ConditionalOnClass found required classes 'org.springframework.security.web.SecurityFilterChain', 'org.springframework.security.config.annotation.web.builders.HttpSecurity' (DefaultWebSecurityCondition)

   UserDetailsServiceAutoConfiguration matched:
      - @ConditionalOnClass found required class 'org.springframework.security.authentication.AuthenticationManager' (OnClassCondition)
      - found 'session' scope (OnWebApplicationCondition)
      - AnyNestedCondition 1 matched 2 did not; NestedCondition on MissingAlternativeUserDetailsManagerOrUserPropertiesConfigured.PasswordConfigured @ConditionalOnProperty (spring.security.user.password) did not find property 'spring.security.user.password'; NestedCondition on MissingAlternativeUserDetailsManagerOrUserPropertiesConfigured.NameConfigured @ConditionalOnProperty (spring.security.user.name) did not find property 'spring.security.user.name'; NestedCondition on MissingAlternativeUserDetailsManagerOrUserPropertiesConfigured.MissingAlternative @ConditionalOnMissingClass did not find unwanted classes 'org.springframework.security.oauth2.client.registration.ClientRegistrationRepository', 'org.springframework.security.oauth2.server.resource.introspection.OpaqueTokenIntrospector', 'org.springframework.security.saml2.provider.service.registration.RelyingPartyRegistrationRepository' (MissingAlternativeUserDetailsManagerOrUserPropertiesConfigured)
      - @ConditionalOnMissingBean (types: org.springframework.security.authentication.AuthenticationManager,org.springframework.security.authentication.AuthenticationProvider,org.springframework.security.core.userdetails.UserDetailsService,org.springframework.security.authentication.AuthenticationManagerResolver,org.springframework.security.oauth2.jwt.JwtDecoder; SearchStrategy: all) did not find any beans (OnBeanCondition)


Negative matches:
-----------------

    None


Exclusions:
-----------

    None


Unconditional classes:
----------------------

    None



2026-07-18 23:17:55.607 INFO  File Watcher o.s.b.d.a.LocalDevToolsAutoConfiguration$RestartingClassPathChangeChangedEventListener : Restarting due to 1 class path change (1 addition, 0 deletions, 0 modifications)
2026-07-18 23:17:55.614 INFO  Thread-5 o.s.boot.tomcat.GracefulShutdown : Commencing graceful shutdown. Waiting for active requests to complete
2026-07-18 23:17:55.731 ERROR http-nio-8080-Acceptor org.apache.tomcat.util.net.Acceptor : Socket accept failed
java.nio.channels.AsynchronousCloseException
	at java.base/java.nio.channels.spi.AbstractInterruptibleChannel.end(AbstractInterruptibleChannel.java:203)
	at java.base/sun.nio.ch.ServerSocketChannelImpl.end(ServerSocketChannelImpl.java:383)
	at java.base/sun.nio.ch.ServerSocketChannelImpl.accept(ServerSocketChannelImpl.java:407)
	at org.apache.tomcat.util.net.NioEndpoint.serverSocketAccept(NioEndpoint.java:532)
	at org.apache.tomcat.util.net.NioEndpoint.serverSocketAccept(NioEndpoint.java:71)
	at org.apache.tomcat.util.net.Acceptor.run(Acceptor.java:127)
	at java.base/java.lang.Thread.run(Thread.java:1583)
2026-07-18 23:17:55.739 INFO  tomcat-shutdown o.s.boot.tomcat.GracefulShutdown : Graceful shutdown complete
2026-07-18 23:17:55.754 INFO  Thread-5 o.s.o.j.LocalContainerEntityManagerFactoryBean : Closing JPA EntityManagerFactory for persistence unit 'default'
2026-07-18 23:17:56.297 INFO  restartedMain c.c.h.HealinghouseApplication : Starting HealinghouseApplication using Java 21.0.10 with PID 22684 (D:\HEALING_HOUSE\Clinic\Applications\healinghouse\target\classes started by hp in D:\HEALING_HOUSE\Clinic\Applications\healinghouse)
2026-07-18 23:17:56.297 INFO  restartedMain c.c.h.HealinghouseApplication : Starting HealinghouseApplication using Java 21.0.10 with PID 22684 (D:\HEALING_HOUSE\Clinic\Applications\healinghouse\target\classes started by hp in D:\HEALING_HOUSE\Clinic\Applications\healinghouse)
2026-07-18 23:17:56.311 DEBUG restartedMain c.c.h.HealinghouseApplication : Running with Spring Boot v4.1.0, Spring v7.0.8
2026-07-18 23:17:56.311 DEBUG restartedMain c.c.h.HealinghouseApplication : Running with Spring Boot v4.1.0, Spring v7.0.8
2026-07-18 23:17:56.311 INFO  restartedMain c.c.h.HealinghouseApplication : No active profile set, falling back to 1 default profile: "default"
2026-07-18 23:17:56.311 INFO  restartedMain c.c.h.HealinghouseApplication : No active profile set, falling back to 1 default profile: "default"
2026-07-18 23:17:58.091 INFO  restartedMain o.s.d.r.c.RepositoryConfigurationDelegate : Bootstrapping Spring Data JPA repositories in DEFAULT mode.
2026-07-18 23:17:58.557 INFO  restartedMain o.s.d.r.c.RepositoryConfigurationDelegate : Finished Spring Data repository scanning in 449 ms. Found 5 JPA repository interfaces.
2026-07-18 23:18:01.591 INFO  restartedMain o.s.boot.tomcat.TomcatWebServer : Tomcat initialized with port 8080 (http)
2026-07-18 23:18:01.598 INFO  restartedMain o.a.catalina.core.StandardService : Starting service [Tomcat]
2026-07-18 23:18:01.599 INFO  restartedMain o.a.catalina.core.StandardEngine : Starting Servlet engine: [Apache Tomcat/11.0.22]
2026-07-18 23:18:02.055 INFO  restartedMain o.s.b.w.c.s.WebApplicationContextInitializer : Root WebApplicationContext: initialization completed in 5614 ms
2026-07-18 23:18:15.225 INFO  restartedMain o.s.o.j.p.SpringPersistenceUnitInfo : No LoadTimeWeaver setup: ignoring JPA class transformer
2026-07-18 23:18:18.800 INFO  restartedMain o.s.o.j.LocalContainerEntityManagerFactoryBean : Initialized JPA EntityManagerFactory for persistence unit 'default'
2026-07-18 23:18:20.737 WARN  restartedMain o.s.b.w.s.s.c.AnnotationConfigServletWebServerApplicationContext : Exception encountered during context initialization - cancelling refresh attempt: org.springframework.beans.factory.UnsatisfiedDependencyException: Error creating bean with name 'dataSeeder' defined in file [D:\HEALING_HOUSE\Clinic\Applications\healinghouse\target\classes\com\clinic\healinghouse\config\DataSeeder.class]: Unsatisfied dependency expressed through constructor parameter 4: No qualifying bean of type 'com.clinic.healinghouse.service.TagService' available: expected at least 1 bean which qualifies as autowire candidate. Dependency annotations: {}
2026-07-18 23:18:20.738 INFO  restartedMain o.s.o.j.LocalContainerEntityManagerFactoryBean : Closing JPA EntityManagerFactory for persistence unit 'default'
2026-07-18 23:18:21.028 INFO  restartedMain o.a.catalina.core.StandardService : Stopping service [Tomcat]
2026-07-18 23:18:21.080 INFO  restartedMain o.s.b.a.l.ConditionEvaluationReportLogger : 

Error starting ApplicationContext. To display the condition evaluation report re-run your application with 'debug' enabled.
2026-07-18 23:18:21.532 ERROR restartedMain o.s.b.d.LoggingFailureAnalysisReporter : 

***************************
APPLICATION FAILED TO START
***************************

Description:

Parameter 4 of constructor in com.clinic.healinghouse.config.DataSeeder required a bean of type 'com.clinic.healinghouse.service.TagService' that could not be found.


Action:

Consider defining a bean of type 'com.clinic.healinghouse.service.TagService' in your configuration.

2026-07-18 23:18:24.215 INFO  restartedMain c.c.h.HealinghouseApplication : Starting HealinghouseApplication using Java 21.0.10 with PID 22684 (D:\HEALING_HOUSE\Clinic\Applications\healinghouse\target\classes started by hp in D:\HEALING_HOUSE\Clinic\Applications\healinghouse)
2026-07-18 23:18:24.215 INFO  restartedMain c.c.h.HealinghouseApplication : Starting HealinghouseApplication using Java 21.0.10 with PID 22684 (D:\HEALING_HOUSE\Clinic\Applications\healinghouse\target\classes started by hp in D:\HEALING_HOUSE\Clinic\Applications\healinghouse)
2026-07-18 23:18:24.216 DEBUG restartedMain c.c.h.HealinghouseApplication : Running with Spring Boot v4.1.0, Spring v7.0.8
2026-07-18 23:18:24.216 DEBUG restartedMain c.c.h.HealinghouseApplication : Running with Spring Boot v4.1.0, Spring v7.0.8
2026-07-18 23:18:24.216 INFO  restartedMain c.c.h.HealinghouseApplication : No active profile set, falling back to 1 default profile: "default"
2026-07-18 23:18:24.216 INFO  restartedMain c.c.h.HealinghouseApplication : No active profile set, falling back to 1 default profile: "default"
2026-07-18 23:18:27.300 INFO  restartedMain o.s.d.r.c.RepositoryConfigurationDelegate : Bootstrapping Spring Data JPA repositories in DEFAULT mode.
2026-07-18 23:18:27.656 INFO  restartedMain o.s.d.r.c.RepositoryConfigurationDelegate : Finished Spring Data repository scanning in 347 ms. Found 19 JPA repository interfaces.
2026-07-18 23:18:28.898 INFO  restartedMain o.s.boot.tomcat.TomcatWebServer : Tomcat initialized with port 8080 (http)
2026-07-18 23:18:28.912 INFO  restartedMain o.a.catalina.core.StandardService : Starting service [Tomcat]
2026-07-18 23:18:28.912 INFO  restartedMain o.a.catalina.core.StandardEngine : Starting Servlet engine: [Apache Tomcat/11.0.22]
2026-07-18 23:18:29.106 INFO  restartedMain o.s.b.w.c.s.WebApplicationContextInitializer : Root WebApplicationContext: initialization completed in 4882 ms
2026-07-18 23:18:29.362 DEBUG restartedMain c.c.h.security.LoginRateLimitFilter : Filter 'loginRateLimitFilter' configured for use
2026-07-18 23:18:29.362 DEBUG restartedMain c.c.h.security.LoginRateLimitFilter : Filter 'loginRateLimitFilter' configured for use
2026-07-18 23:18:31.095 INFO  restartedMain o.s.o.j.p.SpringPersistenceUnitInfo : No LoadTimeWeaver setup: ignoring JPA class transformer
2026-07-18 23:18:36.713 INFO  restartedMain o.s.o.j.LocalContainerEntityManagerFactoryBean : Initialized JPA EntityManagerFactory for persistence unit 'default'
2026-07-18 23:18:37.900 INFO  restartedMain c.c.h.security.PermissionService : Permission cache reloaded (4 roles).
2026-07-18 23:18:37.900 INFO  restartedMain c.c.h.security.PermissionService : Permission cache reloaded (4 roles).
2026-07-18 23:18:41.014 WARN  restartedMain o.s.b.j.a.JpaBaseConfiguration$JpaWebConfiguration : spring.jpa.open-in-view is enabled by default. Therefore, database queries may be performed during view rendering. Explicitly configure spring.jpa.open-in-view to disable this warning
2026-07-18 23:18:41.098 INFO  restartedMain o.s.s.c.a.a.c.InitializeUserDetailsBeanManagerConfigurer$InitializeUserDetailsManagerConfigurer : Global AuthenticationManager configured with UserDetailsService bean with name appUserDetailsService
2026-07-18 23:18:43.697 INFO  restartedMain o.s.boot.tomcat.TomcatWebServer : Tomcat started on port 8080 (http) with context path '/'
2026-07-18 23:18:43.709 INFO  restartedMain c.c.h.HealinghouseApplication : Started HealinghouseApplication in 19.761 seconds (process running for 4503.55)
2026-07-18 23:18:43.709 INFO  restartedMain c.c.h.HealinghouseApplication : Started HealinghouseApplication in 19.761 seconds (process running for 4503.55)
2026-07-18 23:18:43.831 INFO  restartedMain c.c.h.security.PermissionService : Permission cache reloaded (4 roles).
2026-07-18 23:18:43.831 INFO  restartedMain c.c.h.security.PermissionService : Permission cache reloaded (4 roles).
2026-07-18 23:18:44.457 INFO  restartedMain o.s.b.d.a.ConditionEvaluationDeltaLoggingListener : Condition evaluation delta:


==========================
CONDITION EVALUATION DELTA
==========================


Positive matches:
-----------------

    None


Negative matches:
-----------------

   ServletWebSecurityAutoConfiguration.EnableWebSecurityConfiguration:
      Did not match:
         - @ConditionalOnMissingBean (names: springSecurityFilterChain; SearchStrategy: all) found beans named springSecurityFilterChain (OnBeanCondition)
      Matched:
         - @ConditionalOnClass found required class 'org.springframework.security.config.annotation.web.configuration.EnableWebSecurity' (OnClassCondition)

   ServletWebSecurityAutoConfiguration.SecurityFilterChainConfiguration:
      Did not match:
         - AllNestedConditions 1 matched 1 did not; NestedCondition on DefaultWebSecurityCondition.Beans @ConditionalOnMissingBean (types: org.springframework.security.web.SecurityFilterChain; SearchStrategy: all) found beans of type 'org.springframework.security.web.SecurityFilterChain' securityFilterChain; NestedCondition on DefaultWebSecurityCondition.Classes @ConditionalOnClass found required classes 'org.springframework.security.web.SecurityFilterChain', 'org.springframework.security.config.annotation.web.builders.HttpSecurity' (DefaultWebSecurityCondition)

   UserDetailsServiceAutoConfiguration:
      Did not match:
         - @ConditionalOnMissingBean (types: org.springframework.security.authentication.AuthenticationManager,org.springframework.security.authentication.AuthenticationProvider,org.springframework.security.core.userdetails.UserDetailsService,org.springframework.security.authentication.AuthenticationManagerResolver,org.springframework.security.oauth2.jwt.JwtDecoder; SearchStrategy: all) found beans of type 'org.springframework.security.core.userdetails.UserDetailsService' appUserDetailsService (OnBeanCondition)
      Matched:
         - @ConditionalOnClass found required class 'org.springframework.security.authentication.AuthenticationManager' (OnClassCondition)
         - found 'session' scope (OnWebApplicationCondition)
         - AnyNestedCondition 1 matched 2 did not; NestedCondition on MissingAlternativeUserDetailsManagerOrUserPropertiesConfigured.PasswordConfigured @ConditionalOnProperty (spring.security.user.password) did not find property 'spring.security.user.password'; NestedCondition on MissingAlternativeUserDetailsManagerOrUserPropertiesConfigured.NameConfigured @ConditionalOnProperty (spring.security.user.name) did not find property 'spring.security.user.name'; NestedCondition on MissingAlternativeUserDetailsManagerOrUserPropertiesConfigured.MissingAlternative @ConditionalOnMissingClass did not find unwanted classes 'org.springframework.security.oauth2.client.registration.ClientRegistrationRepository', 'org.springframework.security.oauth2.server.resource.introspection.OpaqueTokenIntrospector', 'org.springframework.security.saml2.provider.service.registration.RelyingPartyRegistrationRepository' (MissingAlternativeUserDetailsManagerOrUserPropertiesConfigured)


Exclusions:
-----------

    None


Unconditional classes:
----------------------

    None



2026-07-18 23:24:42.223 INFO  SpringApplicationShutdownHook o.s.boot.tomcat.GracefulShutdown : Commencing graceful shutdown. Waiting for active requests to complete
2026-07-18 23:24:42.242 INFO  tomcat-shutdown o.s.boot.tomcat.GracefulShutdown : Graceful shutdown complete
2026-07-18 23:24:42.250 INFO  SpringApplicationShutdownHook o.s.o.j.LocalContainerEntityManagerFactoryBean : Closing JPA EntityManagerFactory for persistence unit 'default'
2026-07-18 23:25:03.828 INFO  restartedMain c.c.h.HealinghouseApplication : Starting HealinghouseApplication using Java 21.0.10 with PID 21684 (D:\HEALING_HOUSE\Clinic\Applications\healinghouse\target\classes started by hp in D:\HEALING_HOUSE\Clinic\Applications\healinghouse)
2026-07-18 23:25:03.828 INFO  restartedMain c.c.h.HealinghouseApplication : Starting HealinghouseApplication using Java 21.0.10 with PID 21684 (D:\HEALING_HOUSE\Clinic\Applications\healinghouse\target\classes started by hp in D:\HEALING_HOUSE\Clinic\Applications\healinghouse)
2026-07-18 23:25:03.833 DEBUG restartedMain c.c.h.HealinghouseApplication : Running with Spring Boot v4.1.0, Spring v7.0.8
2026-07-18 23:25:03.833 DEBUG restartedMain c.c.h.HealinghouseApplication : Running with Spring Boot v4.1.0, Spring v7.0.8
2026-07-18 23:25:03.835 INFO  restartedMain c.c.h.HealinghouseApplication : No active profile set, falling back to 1 default profile: "default"
2026-07-18 23:25:03.835 INFO  restartedMain c.c.h.HealinghouseApplication : No active profile set, falling back to 1 default profile: "default"
2026-07-18 23:25:03.945 INFO  restartedMain o.s.b.d.e.DevToolsPropertyDefaultsPostProcessor : Devtools property defaults active! Set 'spring.devtools.add-properties' to 'false' to disable
2026-07-18 23:25:03.945 INFO  restartedMain o.s.b.d.e.DevToolsPropertyDefaultsPostProcessor : For additional web related logging consider setting the 'logging.level.web' property to 'DEBUG'
2026-07-18 23:25:06.637 INFO  restartedMain o.s.d.r.c.RepositoryConfigurationDelegate : Bootstrapping Spring Data JPA repositories in DEFAULT mode.
2026-07-18 23:25:06.857 INFO  restartedMain o.s.d.r.c.RepositoryConfigurationDelegate : Finished Spring Data repository scanning in 199 ms. Found 19 JPA repository interfaces.
2026-07-18 23:25:08.973 INFO  restartedMain o.s.boot.tomcat.TomcatWebServer : Tomcat initialized with port 8080 (http)
2026-07-18 23:25:08.997 INFO  restartedMain o.a.catalina.core.StandardService : Starting service [Tomcat]
2026-07-18 23:25:08.998 INFO  restartedMain o.a.catalina.core.StandardEngine : Starting Servlet engine: [Apache Tomcat/11.0.22]
2026-07-18 23:25:09.081 INFO  restartedMain o.s.b.w.c.s.WebApplicationContextInitializer : Root WebApplicationContext: initialization completed in 5135 ms
2026-07-18 23:25:09.201 DEBUG restartedMain c.c.h.security.LoginRateLimitFilter : Filter 'loginRateLimitFilter' configured for use
2026-07-18 23:25:09.201 DEBUG restartedMain c.c.h.security.LoginRateLimitFilter : Filter 'loginRateLimitFilter' configured for use
2026-07-18 23:25:10.421 INFO  restartedMain o.s.o.j.p.SpringPersistenceUnitInfo : No LoadTimeWeaver setup: ignoring JPA class transformer
2026-07-18 23:25:14.057 INFO  restartedMain o.s.o.j.LocalContainerEntityManagerFactoryBean : Initialized JPA EntityManagerFactory for persistence unit 'default'
2026-07-18 23:25:14.193 INFO  restartedMain o.s.d.j.r.q.QueryEnhancerFactories : Hibernate is in classpath; If applicable, HQL parser will be used.
2026-07-18 23:25:16.891 INFO  restartedMain c.c.h.security.PermissionService : Permission cache reloaded (4 roles).
2026-07-18 23:25:16.891 INFO  restartedMain c.c.h.security.PermissionService : Permission cache reloaded (4 roles).
2026-07-18 23:25:19.390 WARN  restartedMain o.s.b.j.a.JpaBaseConfiguration$JpaWebConfiguration : spring.jpa.open-in-view is enabled by default. Therefore, database queries may be performed during view rendering. Explicitly configure spring.jpa.open-in-view to disable this warning
2026-07-18 23:25:19.445 INFO  restartedMain o.s.s.c.a.a.c.InitializeUserDetailsBeanManagerConfigurer$InitializeUserDetailsManagerConfigurer : Global AuthenticationManager configured with UserDetailsService bean with name appUserDetailsService
2026-07-18 23:25:20.372 INFO  restartedMain o.s.boot.tomcat.TomcatWebServer : Tomcat started on port 8080 (http) with context path '/'
2026-07-18 23:25:20.387 INFO  restartedMain c.c.h.HealinghouseApplication : Started HealinghouseApplication in 18.121 seconds (process running for 20.402)
2026-07-18 23:25:20.387 INFO  restartedMain c.c.h.HealinghouseApplication : Started HealinghouseApplication in 18.121 seconds (process running for 20.402)
2026-07-18 23:25:20.543 INFO  restartedMain c.c.h.security.PermissionService : Permission cache reloaded (4 roles).
2026-07-18 23:25:20.543 INFO  restartedMain c.c.h.security.PermissionService : Permission cache reloaded (4 roles).
2026-07-18 23:25:28.673 INFO  http-nio-8080-exec-1 o.a.c.c.C.[Tomcat].[localhost].[/] : Initializing Spring DispatcherServlet 'dispatcherServlet'
2026-07-18 23:25:28.673 INFO  http-nio-8080-exec-1 o.s.web.servlet.DispatcherServlet : Initializing Servlet 'dispatcherServlet'
2026-07-18 23:25:28.719 INFO  http-nio-8080-exec-1 o.s.web.servlet.DispatcherServlet : Completed initialization in 46 ms
2026-07-18 23:26:09.653 WARN  http-nio-8080-exec-8 c.c.h.e.GlobalExceptionHandler : Access denied: The all-therapists calendar isn't available for your role.
2026-07-18 23:26:09.653 WARN  http-nio-8080-exec-8 c.c.h.e.GlobalExceptionHandler : Access denied: The all-therapists calendar isn't available for your role.
2026-07-18 23:26:09.656 WARN  http-nio-8080-exec-8 o.s.w.s.m.m.a.ExceptionHandlerExceptionResolver : Resolved [org.springframework.security.access.AccessDeniedException: The all-therapists calendar isn't available for your role.]
2026-07-18 23:26:14.335 WARN  http-nio-8080-exec-10 c.c.h.e.GlobalExceptionHandler : Access denied: The all-therapists calendar isn't available for your role.
2026-07-18 23:26:14.335 WARN  http-nio-8080-exec-10 c.c.h.e.GlobalExceptionHandler : Access denied: The all-therapists calendar isn't available for your role.
2026-07-18 23:26:14.336 WARN  http-nio-8080-exec-10 o.s.w.s.m.m.a.ExceptionHandlerExceptionResolver : Resolved [org.springframework.security.access.AccessDeniedException: The all-therapists calendar isn't available for your role.]
2026-07-18 23:34:02.596 INFO  http-nio-8080-exec-6 c.c.h.service.PatientService : Created patient id=10 name='Radhe Shyam'
2026-07-18 23:34:02.596 INFO  http-nio-8080-exec-6 c.c.h.service.PatientService : Created patient id=10 name='Radhe Shyam'
2026-07-18 23:34:21.602 INFO  http-nio-8080-exec-4 c.c.h.service.PatientService : Updated patient id=10 name='Radhe Shyam'
2026-07-18 23:34:21.602 INFO  http-nio-8080-exec-4 c.c.h.service.PatientService : Updated patient id=10 name='Radhe Shyam'
2026-07-18 23:34:29.496 INFO  http-nio-8080-exec-6 c.c.h.service.PatientService : Deactivated patient id=10 name='Radhe Shyam'
2026-07-18 23:34:29.496 INFO  http-nio-8080-exec-6 c.c.h.service.PatientService : Deactivated patient id=10 name='Radhe Shyam'
2026-07-18 23:34:35.788 INFO  http-nio-8080-exec-1 c.c.h.service.PatientService : Reactivated patient id=10 name='Radhe Shyam'
2026-07-18 23:34:35.788 INFO  http-nio-8080-exec-1 c.c.h.service.PatientService : Reactivated patient id=10 name='Radhe Shyam'
2026-07-18 23:34:49.157 INFO  http-nio-8080-exec-2 c.c.h.service.WalletService : Created wallet for patient id=10
2026-07-18 23:34:49.157 INFO  http-nio-8080-exec-2 c.c.h.service.WalletService : Created wallet for patient id=10
2026-07-18 23:34:49.175 INFO  http-nio-8080-exec-2 c.c.h.service.WalletService : Wallet top-up patient id=10 amount=1000 method=CASH newBalance=1000
2026-07-18 23:34:49.175 INFO  http-nio-8080-exec-2 c.c.h.service.WalletService : Wallet top-up patient id=10 amount=1000 method=CASH newBalance=1000
2026-07-18 23:35:36.574 INFO  http-nio-8080-exec-8 c.c.h.service.TherapistService : Created therapist id=6 name='Thenchuk'
2026-07-18 23:35:36.574 INFO  http-nio-8080-exec-8 c.c.h.service.TherapistService : Created therapist id=6 name='Thenchuk'
2026-07-18 23:36:40.926 INFO  http-nio-8080-exec-7 c.c.h.service.TherapistService : Updated therapist id=6 name='Thenchuk'
2026-07-18 23:36:40.926 INFO  http-nio-8080-exec-7 c.c.h.service.TherapistService : Updated therapist id=6 name='Thenchuk'
2026-07-18 23:37:32.212 INFO  http-nio-8080-exec-8 c.c.h.service.TreatmentService : Created service id=45 name='AA Test Massage'
2026-07-18 23:37:32.212 INFO  http-nio-8080-exec-8 c.c.h.service.TreatmentService : Created service id=45 name='AA Test Massage'
2026-07-18 23:37:40.845 INFO  http-nio-8080-exec-2 c.c.h.service.TreatmentService : Updated service id=45 name='AA Test Massage'
2026-07-18 23:37:40.845 INFO  http-nio-8080-exec-2 c.c.h.service.TreatmentService : Updated service id=45 name='AA Test Massage'
2026-07-18 23:37:45.668 INFO  http-nio-8080-exec-5 c.c.h.service.TreatmentService : Deactivated service id=45 name='AA Test Massage'
2026-07-18 23:37:45.668 INFO  http-nio-8080-exec-5 c.c.h.service.TreatmentService : Deactivated service id=45 name='AA Test Massage'
2026-07-18 23:37:52.525 INFO  http-nio-8080-exec-4 c.c.h.service.TreatmentService : Permanently deleted service id=45 name='AA Test Massage'
2026-07-18 23:37:52.525 INFO  http-nio-8080-exec-4 c.c.h.service.TreatmentService : Permanently deleted service id=45 name='AA Test Massage'
2026-07-18 23:38:20.441 INFO  http-nio-8080-exec-2 c.c.h.service.TreatmentService : Created service id=46 name='AA Test Massage'
2026-07-18 23:38:20.441 INFO  http-nio-8080-exec-2 c.c.h.service.TreatmentService : Created service id=46 name='AA Test Massage'
2026-07-18 23:39:04.740 INFO  http-nio-8080-exec-9 c.c.h.service.ProductService : Created product id=9 name='AAA hhealig drops test' stock=50
2026-07-18 23:39:04.740 INFO  http-nio-8080-exec-9 c.c.h.service.ProductService : Created product id=9 name='AAA hhealig drops test' stock=50
2026-07-18 23:39:13.814 INFO  http-nio-8080-exec-3 c.c.h.service.ProductService : Updated product id=9 name='AAA hhealig drops test' stock=50
2026-07-18 23:39:13.814 INFO  http-nio-8080-exec-3 c.c.h.service.ProductService : Updated product id=9 name='AAA hhealig drops test' stock=50
2026-07-18 23:39:30.054 INFO  http-nio-8080-exec-7 c.c.h.service.ProductService : Updated product id=1 name='Detox Herbal Tea (100g)' stock=25
2026-07-18 23:39:30.054 INFO  http-nio-8080-exec-7 c.c.h.service.ProductService : Updated product id=1 name='Detox Herbal Tea (100g)' stock=25
2026-07-18 23:39:37.194 INFO  http-nio-8080-exec-3 c.c.h.service.ProductService : Deactivated product id=9 name='AAA hhealig drops test'
2026-07-18 23:39:37.194 INFO  http-nio-8080-exec-3 c.c.h.service.ProductService : Deactivated product id=9 name='AAA hhealig drops test'
2026-07-18 23:39:44.622 INFO  http-nio-8080-exec-10 c.c.h.service.ProductService : Permanently deleted product id=9 name='AAA hhealig drops test'
2026-07-18 23:39:44.622 INFO  http-nio-8080-exec-10 c.c.h.service.ProductService : Permanently deleted product id=9 name='AAA hhealig drops test'
2026-07-18 23:40:04.064 INFO  http-nio-8080-exec-9 c.c.h.service.ProductService : Created product id=10 name='AAA hhealig drops test' stock=50
2026-07-18 23:40:04.064 INFO  http-nio-8080-exec-9 c.c.h.service.ProductService : Created product id=10 name='AAA hhealig drops test' stock=50
2026-07-18 23:41:01.375 INFO  http-nio-8080-exec-9 c.c.h.service.ComboService : Created combo id=2 name='AAA Mine Combo'
2026-07-18 23:41:01.375 INFO  http-nio-8080-exec-9 c.c.h.service.ComboService : Created combo id=2 name='AAA Mine Combo'
2026-07-18 23:41:43.291 INFO  http-nio-8080-exec-7 c.c.h.service.ComboService : Updated combo id=1 name='Test combo'
2026-07-18 23:41:43.291 INFO  http-nio-8080-exec-7 c.c.h.service.ComboService : Updated combo id=1 name='Test combo'
2026-07-18 23:42:17.919 INFO  http-nio-8080-exec-7 c.c.h.service.ComboService : Created combo id=3 name='AAAAAA'
2026-07-18 23:42:17.919 INFO  http-nio-8080-exec-7 c.c.h.service.ComboService : Created combo id=3 name='AAAAAA'
2026-07-18 23:42:38.561 INFO  http-nio-8080-exec-3 c.c.h.service.ComboService : Deactivated combo id=3 name='AAAAAA'
2026-07-18 23:42:38.561 INFO  http-nio-8080-exec-3 c.c.h.service.ComboService : Deactivated combo id=3 name='AAAAAA'
2026-07-18 23:42:46.860 INFO  http-nio-8080-exec-10 c.c.h.service.ComboService : Reactivated combo id=3 name='AAAAAA'
2026-07-18 23:42:46.860 INFO  http-nio-8080-exec-10 c.c.h.service.ComboService : Reactivated combo id=3 name='AAAAAA'
2026-07-18 23:42:51.081 INFO  http-nio-8080-exec-4 c.c.h.service.ComboService : Deactivated combo id=3 name='AAAAAA'
2026-07-18 23:42:51.081 INFO  http-nio-8080-exec-4 c.c.h.service.ComboService : Deactivated combo id=3 name='AAAAAA'
2026-07-18 23:42:57.215 INFO  http-nio-8080-exec-8 c.c.h.service.ComboService : Permanently deleted combo id=3 name='AAAAAA'
2026-07-18 23:42:57.215 INFO  http-nio-8080-exec-8 c.c.h.service.ComboService : Permanently deleted combo id=3 name='AAAAAA'
2026-07-18 23:43:35.389 INFO  http-nio-8080-exec-6 c.c.h.service.PackageTemplateService : Created package template id=1 name='10 Sessions back massage'
2026-07-18 23:43:35.389 INFO  http-nio-8080-exec-6 c.c.h.service.PackageTemplateService : Created package template id=1 name='10 Sessions back massage'
2026-07-18 23:44:32.359 INFO  http-nio-8080-exec-1 c.c.h.service.PackageTemplateService : Created package template id=2 name='Insomnia Package'
2026-07-18 23:44:32.359 INFO  http-nio-8080-exec-1 c.c.h.service.PackageTemplateService : Created package template id=2 name='Insomnia Package'
2026-07-18 23:45:15.485 INFO  http-nio-8080-exec-1 c.c.h.service.PackageTemplateService : Updated package template id=2 name='Insomnia Package'
2026-07-18 23:45:15.485 INFO  http-nio-8080-exec-1 c.c.h.service.PackageTemplateService : Updated package template id=2 name='Insomnia Package'
2026-07-18 23:45:45.921 INFO  http-nio-8080-exec-6 c.c.h.service.PackageTemplateService : Created package template id=3 name='AAAAAAAA'
2026-07-18 23:45:45.921 INFO  http-nio-8080-exec-6 c.c.h.service.PackageTemplateService : Created package template id=3 name='AAAAAAAA'
2026-07-18 23:45:50.913 INFO  http-nio-8080-exec-10 c.c.h.service.PackageTemplateService : Deactivated package template id=3 name='AAAAAAAA'
2026-07-18 23:45:50.913 INFO  http-nio-8080-exec-10 c.c.h.service.PackageTemplateService : Deactivated package template id=3 name='AAAAAAAA'
2026-07-18 23:46:02.738 INFO  http-nio-8080-exec-3 c.c.h.service.PackageTemplateService : Reactivated package template id=3 name='AAAAAAAA'
2026-07-18 23:46:02.738 INFO  http-nio-8080-exec-3 c.c.h.service.PackageTemplateService : Reactivated package template id=3 name='AAAAAAAA'
2026-07-18 23:46:13.487 INFO  http-nio-8080-exec-8 c.c.h.service.PackageTemplateService : Deactivated package template id=3 name='AAAAAAAA'
2026-07-18 23:46:13.487 INFO  http-nio-8080-exec-8 c.c.h.service.PackageTemplateService : Deactivated package template id=3 name='AAAAAAAA'
2026-07-18 23:46:28.238 INFO  http-nio-8080-exec-3 c.c.h.service.ComboService : Deactivated combo id=1 name='Test combo'
2026-07-18 23:46:28.238 INFO  http-nio-8080-exec-3 c.c.h.service.ComboService : Deactivated combo id=1 name='Test combo'
2026-07-18 23:46:33.852 INFO  http-nio-8080-exec-10 c.c.h.service.ComboService : Reactivated combo id=1 name='Test combo'
2026-07-18 23:46:33.852 INFO  http-nio-8080-exec-10 c.c.h.service.ComboService : Reactivated combo id=1 name='Test combo'
