2026-07-19 00:05:13.236 INFO  http-nio-8080-exec-4 c.c.h.service.AppointmentService : Created appointment id=12 patient='Radhe Shyam' therapist='Thenchuk' grandTotal=1500.00
2026-07-19 00:05:13.236 INFO  http-nio-8080-exec-4 c.c.h.service.AppointmentService : Created appointment id=12 patient='Radhe Shyam' therapist='Thenchuk' grandTotal=1500.00
2026-07-19 00:08:23.344 INFO  http-nio-8080-exec-7 c.c.h.service.AppointmentService : Created appointment id=13 patient='Fatima Sheikh' therapist='Logi' grandTotal=999.00
2026-07-19 00:08:23.344 INFO  http-nio-8080-exec-7 c.c.h.service.AppointmentService : Created appointment id=13 patient='Fatima Sheikh' therapist='Logi' grandTotal=999.00
2026-07-19 00:08:59.301 INFO  http-nio-8080-exec-9 c.c.h.service.AppointmentService : Appointment id=13 rescheduled to start=2026-07-19T10:00 duration=90min
2026-07-19 00:08:59.301 INFO  http-nio-8080-exec-9 c.c.h.service.AppointmentService : Appointment id=13 rescheduled to start=2026-07-19T10:00 duration=90min
2026-07-19 00:09:03.856 INFO  http-nio-8080-exec-7 c.c.h.service.AppointmentService : Appointment id=13 rescheduled to start=2026-07-19T10:30 duration=90min
2026-07-19 00:09:03.856 INFO  http-nio-8080-exec-7 c.c.h.service.AppointmentService : Appointment id=13 rescheduled to start=2026-07-19T10:30 duration=90min
2026-07-19 00:09:31.781 INFO  http-nio-8080-exec-10 c.c.h.service.AppointmentService : Created appointment id=14 patient='Meera Iyer' therapist='Priya Sharma' grandTotal=999.00
2026-07-19 00:09:31.781 INFO  http-nio-8080-exec-10 c.c.h.service.AppointmentService : Created appointment id=14 patient='Meera Iyer' therapist='Priya Sharma' grandTotal=999.00
2026-07-19 00:10:18.207 INFO  http-nio-8080-exec-1 c.c.h.service.AppointmentService : Created appointment id=15 patient='Arun Pillai' therapist='Thenchuk' grandTotal=800.00
2026-07-19 00:10:18.207 INFO  http-nio-8080-exec-1 c.c.h.service.AppointmentService : Created appointment id=15 patient='Arun Pillai' therapist='Thenchuk' grandTotal=800.00
2026-07-19 00:12:10.875 INFO  http-nio-8080-exec-5 c.c.h.service.AppointmentService : Created appointment id=16 patient='Lakshmi Rao' therapist='Marcia Gomes Yadav' grandTotal=1000.00
2026-07-19 00:12:10.875 INFO  http-nio-8080-exec-5 c.c.h.service.AppointmentService : Created appointment id=16 patient='Lakshmi Rao' therapist='Marcia Gomes Yadav' grandTotal=1000.00
2026-07-19 00:17:25.119 INFO  http-nio-8080-exec-6 c.c.healinghouse.service.UserService : Created user id=3 username='logi' role=THERAPIST
2026-07-19 00:17:25.119 INFO  http-nio-8080-exec-6 c.c.healinghouse.service.UserService : Created user id=3 username='logi' role=THERAPIST
2026-07-19 00:17:54.620 INFO  http-nio-8080-exec-9 c.c.healinghouse.service.UserService : Created user id=4 username='devendra' role=OWNER
2026-07-19 00:17:54.620 INFO  http-nio-8080-exec-9 c.c.healinghouse.service.UserService : Created user id=4 username='devendra' role=OWNER
2026-07-19 00:23:36.853 INFO  File Watcher o.s.b.d.a.LocalDevToolsAutoConfiguration$RestartingClassPathChangeChangedEventListener : Restarting due to 214 class path changes (0 additions, 214 deletions, 0 modifications)
2026-07-19 00:23:36.968 INFO  Thread-1 o.s.boot.tomcat.GracefulShutdown : Commencing graceful shutdown. Waiting for active requests to complete
2026-07-19 00:23:37.115 ERROR http-nio-8080-Acceptor org.apache.tomcat.util.net.Acceptor : Socket accept failed
java.nio.channels.AsynchronousCloseException
	at java.base/java.nio.channels.spi.AbstractInterruptibleChannel.end(AbstractInterruptibleChannel.java:203)
	at java.base/sun.nio.ch.ServerSocketChannelImpl.end(ServerSocketChannelImpl.java:383)
	at java.base/sun.nio.ch.ServerSocketChannelImpl.accept(ServerSocketChannelImpl.java:407)
	at org.apache.tomcat.util.net.NioEndpoint.serverSocketAccept(NioEndpoint.java:532)
	at org.apache.tomcat.util.net.NioEndpoint.serverSocketAccept(NioEndpoint.java:71)
	at org.apache.tomcat.util.net.Acceptor.run(Acceptor.java:127)
	at java.base/java.lang.Thread.run(Thread.java:1583)
2026-07-19 00:23:37.198 INFO  tomcat-shutdown o.s.boot.tomcat.GracefulShutdown : Graceful shutdown complete
2026-07-19 00:23:37.249 INFO  Thread-1 o.s.o.j.LocalContainerEntityManagerFactoryBean : Closing JPA EntityManagerFactory for persistence unit 'default'
2026-07-19 00:23:39.306 INFO  restartedMain c.c.h.HealinghouseApplication : Starting HealinghouseApplication using Java 21.0.10 with PID 21684 (D:\HEALING_HOUSE\Clinic\Applications\healinghouse\target\classes started by hp in D:\HEALING_HOUSE\Clinic\Applications\healinghouse)
2026-07-19 00:23:39.306 INFO  restartedMain c.c.h.HealinghouseApplication : Starting HealinghouseApplication using Java 21.0.10 with PID 21684 (D:\HEALING_HOUSE\Clinic\Applications\healinghouse\target\classes started by hp in D:\HEALING_HOUSE\Clinic\Applications\healinghouse)
2026-07-19 00:23:39.306 DEBUG restartedMain c.c.h.HealinghouseApplication : Running with Spring Boot v4.1.0, Spring v7.0.8
2026-07-19 00:23:39.306 DEBUG restartedMain c.c.h.HealinghouseApplication : Running with Spring Boot v4.1.0, Spring v7.0.8
2026-07-19 00:23:39.307 INFO  restartedMain c.c.h.HealinghouseApplication : No active profile set, falling back to 1 default profile: "default"
2026-07-19 00:23:39.307 INFO  restartedMain c.c.h.HealinghouseApplication : No active profile set, falling back to 1 default profile: "default"
2026-07-19 00:23:40.360 INFO  restartedMain o.s.d.r.c.RepositoryConfigurationDelegate : Bootstrapping Spring Data JPA repositories in DEFAULT mode.
2026-07-19 00:23:40.395 INFO  restartedMain o.s.d.r.c.RepositoryConfigurationDelegate : Finished Spring Data repository scanning in 9 ms. Found 0 JPA repository interfaces.
2026-07-19 00:23:41.270 INFO  restartedMain o.s.boot.tomcat.TomcatWebServer : Tomcat initialized with port 8080 (http)
2026-07-19 00:23:41.274 INFO  restartedMain o.a.catalina.core.StandardService : Starting service [Tomcat]
2026-07-19 00:23:41.275 INFO  restartedMain o.a.catalina.core.StandardEngine : Starting Servlet engine: [Apache Tomcat/11.0.22]
2026-07-19 00:23:41.621 INFO  restartedMain o.s.b.w.c.s.WebApplicationContextInitializer : Root WebApplicationContext: initialization completed in 2302 ms
2026-07-19 00:23:42.305 WARN  restartedMain o.a.c.c.C.[Tomcat].[localhost].[/] : Cannot deserialize session attribute [SPRING_SECURITY_CONTEXT] for session [457760CC8D9A487DECF00C772C2CFEEA]
2026-07-19 00:23:42.308 ERROR restartedMain o.a.catalina.session.StandardManager : Exception loading sessions from persistent storage
java.io.StreamCorruptedException: invalid type code: 00
	at java.base/java.io.ObjectInputStream.readObject0(ObjectInputStream.java:1793)
	at java.base/java.io.ObjectInputStream$FieldValues.<init>(ObjectInputStream.java:2618)
	at java.base/java.io.ObjectInputStream.defaultReadObject(ObjectInputStream.java:678)
	at java.base/java.lang.Throwable.readObject(Throwable.java:936)
	at java.base/jdk.internal.reflect.DirectMethodHandleAccessor.invoke(DirectMethodHandleAccessor.java:103)
	at java.base/java.lang.reflect.Method.invoke(Method.java:580)
	at java.base/java.io.ObjectStreamClass.invokeReadObject(ObjectStreamClass.java:1102)
	at java.base/java.io.ObjectInputStream.readSerialData(ObjectInputStream.java:2444)
	at java.base/java.io.ObjectInputStream.readOrdinaryObject(ObjectInputStream.java:2284)
	at java.base/java.io.ObjectInputStream.readObject0(ObjectInputStream.java:1762)
	at java.base/java.io.ObjectInputStream.readObject(ObjectInputStream.java:540)
	at java.base/java.io.ObjectInputStream.readObject(ObjectInputStream.java:498)
	at org.apache.catalina.session.StandardSession.doReadObject(StandardSession.java:1120)
	at org.apache.catalina.session.StandardSession.readObjectData(StandardSession.java:821)
	at org.apache.catalina.session.StandardManager.load(StandardManager.java:146)
	at org.apache.catalina.session.StandardManager.startInternal(StandardManager.java:255)
	at org.apache.catalina.util.LifecycleBase.start(LifecycleBase.java:164)
	at org.apache.catalina.core.StandardContext.startInternal(StandardContext.java:4447)
	at org.apache.catalina.util.LifecycleBase.start(LifecycleBase.java:164)
	at org.apache.catalina.core.ContainerBase$StartChild.call(ContainerBase.java:1162)
	at org.apache.catalina.core.ContainerBase$StartChild.call(ContainerBase.java:1158)
	at java.base/java.util.concurrent.FutureTask.run(FutureTask.java:317)
	at org.apache.tomcat.util.threads.InlineExecutorService.execute(InlineExecutorService.java:81)
	at java.base/java.util.concurrent.AbstractExecutorService.submit(AbstractExecutorService.java:145)
	at org.apache.catalina.core.ContainerBase.startInternal(ContainerBase.java:714)
	at org.apache.catalina.core.StandardHost.startInternal(StandardHost.java:780)
	at org.apache.catalina.util.LifecycleBase.start(LifecycleBase.java:164)
	at org.apache.catalina.core.ContainerBase$StartChild.call(ContainerBase.java:1162)
	at org.apache.catalina.core.ContainerBase$StartChild.call(ContainerBase.java:1158)
	at java.base/java.util.concurrent.FutureTask.run(FutureTask.java:317)
	at org.apache.tomcat.util.threads.InlineExecutorService.execute(InlineExecutorService.java:81)
	at java.base/java.util.concurrent.AbstractExecutorService.submit(AbstractExecutorService.java:145)
	at org.apache.catalina.core.ContainerBase.startInternal(ContainerBase.java:714)
	at org.apache.catalina.core.StandardEngine.startInternal(StandardEngine.java:201)
	at org.apache.catalina.util.LifecycleBase.start(LifecycleBase.java:164)
	at org.apache.catalina.core.StandardService.startInternal(StandardService.java:410)
	at org.apache.catalina.util.LifecycleBase.start(LifecycleBase.java:164)
	at org.apache.catalina.core.StandardServer.startInternal(StandardServer.java:864)
	at org.apache.catalina.util.LifecycleBase.start(LifecycleBase.java:164)
	at org.apache.catalina.startup.Tomcat.start(Tomcat.java:435)
	at org.springframework.boot.tomcat.TomcatWebServer.initialize(TomcatWebServer.java:131)
	at org.springframework.boot.tomcat.TomcatWebServer.<init>(TomcatWebServer.java:110)
	at org.springframework.boot.tomcat.servlet.TomcatServletWebServerFactory.getTomcatWebServer(TomcatServletWebServerFactory.java:429)
	at org.springframework.boot.tomcat.servlet.TomcatServletWebServerFactory.getWebServer(TomcatServletWebServerFactory.java:167)
	at org.springframework.boot.web.server.servlet.context.ServletWebServerApplicationContext.createWebServer(ServletWebServerApplicationContext.java:190)
	at org.springframework.boot.web.server.servlet.context.ServletWebServerApplicationContext.onRefresh(ServletWebServerApplicationContext.java:164)
	at org.springframework.context.support.AbstractApplicationContext.refresh(AbstractApplicationContext.java:615)
	at org.springframework.boot.web.server.servlet.context.ServletWebServerApplicationContext.refresh(ServletWebServerApplicationContext.java:143)
	at org.springframework.boot.SpringApplication.refresh(SpringApplication.java:756)
	at org.springframework.boot.SpringApplication.refreshContext(SpringApplication.java:445)
	at org.springframework.boot.SpringApplication.run(SpringApplication.java:321)
	at org.springframework.boot.SpringApplication.run(SpringApplication.java:1365)
	at org.springframework.boot.SpringApplication.run(SpringApplication.java:1354)
	at com.clinic.healinghouse.HealinghouseApplication.main(HealinghouseApplication.java:13)
	at java.base/jdk.internal.reflect.DirectMethodHandleAccessor.invoke(DirectMethodHandleAccessor.java:103)
	at java.base/java.lang.reflect.Method.invoke(Method.java:580)
	at org.springframework.boot.devtools.restart.RestartLauncher.run(RestartLauncher.java:52)
2026-07-19 00:23:43.052 INFO  restartedMain o.s.o.j.p.SpringPersistenceUnitInfo : No LoadTimeWeaver setup: ignoring JPA class transformer
2026-07-19 00:23:43.325 INFO  restartedMain o.s.o.j.LocalContainerEntityManagerFactoryBean : Initialized JPA EntityManagerFactory for persistence unit 'default'
2026-07-19 00:23:43.501 WARN  restartedMain o.s.b.j.a.JpaBaseConfiguration$JpaWebConfiguration : spring.jpa.open-in-view is enabled by default. Therefore, database queries may be performed during view rendering. Explicitly configure spring.jpa.open-in-view to disable this warning
2026-07-19 00:23:43.747 WARN  restartedMain o.s.b.s.a.UserDetailsServiceAutoConfiguration : 

Using generated security password: 27ef1e3e-c644-4f12-b4fb-7045af4e1505

This generated password is for development use only. Your security configuration must be updated before running your application in production.

2026-07-19 00:23:43.788 INFO  restartedMain o.s.s.c.a.a.c.InitializeUserDetailsBeanManagerConfigurer$InitializeUserDetailsManagerConfigurer : Global AuthenticationManager configured with UserDetailsService bean with name inMemoryUserDetailsManager
2026-07-19 00:23:44.104 INFO  restartedMain o.s.boot.tomcat.TomcatWebServer : Tomcat started on port 8080 (http) with context path '/'
2026-07-19 00:23:44.125 INFO  restartedMain c.c.h.HealinghouseApplication : Started HealinghouseApplication in 5.145 seconds (process running for 3524.117)
2026-07-19 00:23:44.125 INFO  restartedMain c.c.h.HealinghouseApplication : Started HealinghouseApplication in 5.145 seconds (process running for 3524.117)
2026-07-19 00:23:44.137 INFO  restartedMain o.s.b.d.a.ConditionEvaluationDeltaLoggingListener : Condition evaluation delta:


==========================
CONDITION EVALUATION DELTA
==========================


Positive matches:
-----------------

   ServletWebSecurityAutoConfiguration.EnableWebSecurityConfiguration matched:
      - @ConditionalOnClass found required class 'org.springframework.security.config.annotation.web.configuration.EnableWebSecurity' (OnClassCondition)
      - @ConditionalOnMissingBean (names: springSecurityFilterChain; SearchStrategy: all) did not find any beans (OnBeanCondition)

   ServletWebSecurityAutoConfiguration.SecurityFilterChainConfiguration matched:
      - AllNestedConditions 2 matched 0 did not; NestedCondition on DefaultWebSecurityCondition.Beans @ConditionalOnMissingBean (types: org.springframework.security.web.SecurityFilterChain; SearchStrategy: all) did not find any beans; NestedCondition on DefaultWebSecurityCondition.Classes @ConditionalOnClass found required classes 'org.springframework.security.web.SecurityFilterChain', 'org.springframework.security.config.annotation.web.builders.HttpSecurity' (DefaultWebSecurityCondition)

   UserDetailsServiceAutoConfiguration matched:
      - @ConditionalOnClass found required class 'org.springframework.security.authentication.AuthenticationManager' (OnClassCondition)
      - found 'session' scope (OnWebApplicationCondition)
      - AnyNestedCondition 1 matched 2 did not; NestedCondition on MissingAlternativeUserDetailsManagerOrUserPropertiesConfigured.PasswordConfigured @ConditionalOnProperty (spring.security.user.password) did not find property 'spring.security.user.password'; NestedCondition on MissingAlternativeUserDetailsManagerOrUserPropertiesConfigured.NameConfigured @ConditionalOnProperty (spring.security.user.name) did not find property 'spring.security.user.name'; NestedCondition on MissingAlternativeUserDetailsManagerOrUserPropertiesConfigured.MissingAlternative @ConditionalOnMissingClass did not find unwanted classes 'org.springframework.security.oauth2.client.registration.ClientRegistrationRepository', 'org.springframework.security.oauth2.server.resource.introspection.OpaqueTokenIntrospector', 'org.springframework.security.saml2.provider.service.registration.RelyingPartyRegistrationRepository' (MissingAlternativeUserDetailsManagerOrUserPropertiesConfigured)
      - @ConditionalOnMissingBean (types: org.springframework.security.authentication.AuthenticationManager,org.springframework.security.authentication.AuthenticationProvider,org.springframework.security.core.userdetails.UserDetailsService,org.springframework.security.authentication.AuthenticationManagerResolver,org.springframework.security.oauth2.jwt.JwtDecoder; SearchStrategy: all) did not find any beans (OnBeanCondition)


Negative matches:
-----------------

    None


Exclusions:
-----------

    None


Unconditional classes:
----------------------

    None



2026-07-19 00:23:52.556 INFO  File Watcher o.s.b.d.a.LocalDevToolsAutoConfiguration$RestartingClassPathChangeChangedEventListener : Restarting due to 1 class path change (1 addition, 0 deletions, 0 modifications)
2026-07-19 00:23:52.561 INFO  Thread-5 o.s.boot.tomcat.GracefulShutdown : Commencing graceful shutdown. Waiting for active requests to complete
2026-07-19 00:23:52.623 INFO  tomcat-shutdown o.s.boot.tomcat.GracefulShutdown : Graceful shutdown complete
2026-07-19 00:23:52.623 ERROR http-nio-8080-Acceptor org.apache.tomcat.util.net.Acceptor : Socket accept failed
java.nio.channels.AsynchronousCloseException
	at java.base/java.nio.channels.spi.AbstractInterruptibleChannel.end(AbstractInterruptibleChannel.java:203)
	at java.base/sun.nio.ch.ServerSocketChannelImpl.end(ServerSocketChannelImpl.java:383)
	at java.base/sun.nio.ch.ServerSocketChannelImpl.accept(ServerSocketChannelImpl.java:407)
	at org.apache.tomcat.util.net.NioEndpoint.serverSocketAccept(NioEndpoint.java:532)
	at org.apache.tomcat.util.net.NioEndpoint.serverSocketAccept(NioEndpoint.java:71)
	at org.apache.tomcat.util.net.Acceptor.run(Acceptor.java:127)
	at java.base/java.lang.Thread.run(Thread.java:1583)
2026-07-19 00:23:52.626 INFO  Thread-5 o.s.o.j.LocalContainerEntityManagerFactoryBean : Closing JPA EntityManagerFactory for persistence unit 'default'
2026-07-19 00:23:53.095 INFO  restartedMain c.c.h.HealinghouseApplication : Starting HealinghouseApplication using Java 21.0.10 with PID 21684 (D:\HEALING_HOUSE\Clinic\Applications\healinghouse\target\classes started by hp in D:\HEALING_HOUSE\Clinic\Applications\healinghouse)
2026-07-19 00:23:53.095 INFO  restartedMain c.c.h.HealinghouseApplication : Starting HealinghouseApplication using Java 21.0.10 with PID 21684 (D:\HEALING_HOUSE\Clinic\Applications\healinghouse\target\classes started by hp in D:\HEALING_HOUSE\Clinic\Applications\healinghouse)
2026-07-19 00:23:53.096 DEBUG restartedMain c.c.h.HealinghouseApplication : Running with Spring Boot v4.1.0, Spring v7.0.8
2026-07-19 00:23:53.096 DEBUG restartedMain c.c.h.HealinghouseApplication : Running with Spring Boot v4.1.0, Spring v7.0.8
2026-07-19 00:23:53.096 INFO  restartedMain c.c.h.HealinghouseApplication : No active profile set, falling back to 1 default profile: "default"
2026-07-19 00:23:53.096 INFO  restartedMain c.c.h.HealinghouseApplication : No active profile set, falling back to 1 default profile: "default"
2026-07-19 00:23:53.815 INFO  restartedMain o.s.d.r.c.RepositoryConfigurationDelegate : Bootstrapping Spring Data JPA repositories in DEFAULT mode.
2026-07-19 00:23:54.015 INFO  restartedMain o.s.d.r.c.RepositoryConfigurationDelegate : Finished Spring Data repository scanning in 194 ms. Found 5 JPA repository interfaces.
2026-07-19 00:23:54.520 INFO  restartedMain o.s.boot.tomcat.TomcatWebServer : Tomcat initialized with port 8080 (http)
2026-07-19 00:23:54.522 INFO  restartedMain o.a.catalina.core.StandardService : Starting service [Tomcat]
2026-07-19 00:23:54.522 INFO  restartedMain o.a.catalina.core.StandardEngine : Starting Servlet engine: [Apache Tomcat/11.0.22]
2026-07-19 00:23:54.782 INFO  restartedMain o.s.b.w.c.s.WebApplicationContextInitializer : Root WebApplicationContext: initialization completed in 1670 ms
2026-07-19 00:23:55.447 INFO  restartedMain o.s.o.j.p.SpringPersistenceUnitInfo : No LoadTimeWeaver setup: ignoring JPA class transformer
2026-07-19 00:23:57.525 INFO  restartedMain o.s.o.j.LocalContainerEntityManagerFactoryBean : Initialized JPA EntityManagerFactory for persistence unit 'default'
2026-07-19 00:23:57.953 WARN  restartedMain o.s.b.w.s.s.c.AnnotationConfigServletWebServerApplicationContext : Exception encountered during context initialization - cancelling refresh attempt: org.springframework.beans.factory.UnsatisfiedDependencyException: Error creating bean with name 'dataSeeder' defined in file [D:\HEALING_HOUSE\Clinic\Applications\healinghouse\target\classes\com\clinic\healinghouse\config\DataSeeder.class]: Unsatisfied dependency expressed through constructor parameter 4: No qualifying bean of type 'com.clinic.healinghouse.service.TagService' available: expected at least 1 bean which qualifies as autowire candidate. Dependency annotations: {}
2026-07-19 00:23:57.954 INFO  restartedMain o.s.o.j.LocalContainerEntityManagerFactoryBean : Closing JPA EntityManagerFactory for persistence unit 'default'
2026-07-19 00:23:57.973 INFO  restartedMain o.a.catalina.core.StandardService : Stopping service [Tomcat]
2026-07-19 00:23:58.032 INFO  restartedMain o.s.b.a.l.ConditionEvaluationReportLogger : 

Error starting ApplicationContext. To display the condition evaluation report re-run your application with 'debug' enabled.
2026-07-19 00:23:58.116 ERROR restartedMain o.s.b.d.LoggingFailureAnalysisReporter : 

***************************
APPLICATION FAILED TO START
***************************

Description:

Parameter 4 of constructor in com.clinic.healinghouse.config.DataSeeder required a bean of type 'com.clinic.healinghouse.service.TagService' that could not be found.


Action:

Consider defining a bean of type 'com.clinic.healinghouse.service.TagService' in your configuration.

2026-07-19 00:24:02.382 INFO  restartedMain c.c.h.HealinghouseApplication : Starting HealinghouseApplication using Java 21.0.10 with PID 21684 (D:\HEALING_HOUSE\Clinic\Applications\healinghouse\target\classes started by hp in D:\HEALING_HOUSE\Clinic\Applications\healinghouse)
2026-07-19 00:24:02.382 INFO  restartedMain c.c.h.HealinghouseApplication : Starting HealinghouseApplication using Java 21.0.10 with PID 21684 (D:\HEALING_HOUSE\Clinic\Applications\healinghouse\target\classes started by hp in D:\HEALING_HOUSE\Clinic\Applications\healinghouse)
2026-07-19 00:24:02.382 DEBUG restartedMain c.c.h.HealinghouseApplication : Running with Spring Boot v4.1.0, Spring v7.0.8
2026-07-19 00:24:02.382 DEBUG restartedMain c.c.h.HealinghouseApplication : Running with Spring Boot v4.1.0, Spring v7.0.8
2026-07-19 00:24:02.383 INFO  restartedMain c.c.h.HealinghouseApplication : No active profile set, falling back to 1 default profile: "default"
2026-07-19 00:24:02.383 INFO  restartedMain c.c.h.HealinghouseApplication : No active profile set, falling back to 1 default profile: "default"
2026-07-19 00:24:02.875 INFO  restartedMain o.s.d.r.c.RepositoryConfigurationDelegate : Bootstrapping Spring Data JPA repositories in DEFAULT mode.
2026-07-19 00:24:02.993 INFO  restartedMain o.s.d.r.c.RepositoryConfigurationDelegate : Finished Spring Data repository scanning in 115 ms. Found 19 JPA repository interfaces.
2026-07-19 00:24:03.344 INFO  restartedMain o.s.boot.tomcat.TomcatWebServer : Tomcat initialized with port 8080 (http)
2026-07-19 00:24:03.347 INFO  restartedMain o.a.catalina.core.StandardService : Starting service [Tomcat]
2026-07-19 00:24:03.348 INFO  restartedMain o.a.catalina.core.StandardEngine : Starting Servlet engine: [Apache Tomcat/11.0.22]
2026-07-19 00:24:03.405 INFO  restartedMain o.s.b.w.c.s.WebApplicationContextInitializer : Root WebApplicationContext: initialization completed in 1018 ms
2026-07-19 00:24:03.462 DEBUG restartedMain c.c.h.security.LoginRateLimitFilter : Filter 'loginRateLimitFilter' configured for use
2026-07-19 00:24:03.462 DEBUG restartedMain c.c.h.security.LoginRateLimitFilter : Filter 'loginRateLimitFilter' configured for use
2026-07-19 00:24:03.575 INFO  restartedMain o.s.o.j.p.SpringPersistenceUnitInfo : No LoadTimeWeaver setup: ignoring JPA class transformer
2026-07-19 00:24:04.976 INFO  restartedMain o.s.o.j.LocalContainerEntityManagerFactoryBean : Initialized JPA EntityManagerFactory for persistence unit 'default'
2026-07-19 00:24:05.364 INFO  restartedMain c.c.h.security.PermissionService : Permission cache reloaded (4 roles).
2026-07-19 00:24:05.364 INFO  restartedMain c.c.h.security.PermissionService : Permission cache reloaded (4 roles).
2026-07-19 00:24:06.199 WARN  restartedMain o.s.b.j.a.JpaBaseConfiguration$JpaWebConfiguration : spring.jpa.open-in-view is enabled by default. Therefore, database queries may be performed during view rendering. Explicitly configure spring.jpa.open-in-view to disable this warning
2026-07-19 00:24:06.229 INFO  restartedMain o.s.s.c.a.a.c.InitializeUserDetailsBeanManagerConfigurer$InitializeUserDetailsManagerConfigurer : Global AuthenticationManager configured with UserDetailsService bean with name appUserDetailsService
2026-07-19 00:24:06.651 INFO  restartedMain o.s.boot.tomcat.TomcatWebServer : Tomcat started on port 8080 (http) with context path '/'
2026-07-19 00:24:06.653 INFO  restartedMain c.c.h.HealinghouseApplication : Started HealinghouseApplication in 4.335 seconds (process running for 3546.645)
2026-07-19 00:24:06.653 INFO  restartedMain c.c.h.HealinghouseApplication : Started HealinghouseApplication in 4.335 seconds (process running for 3546.645)
2026-07-19 00:24:06.719 INFO  restartedMain c.c.h.config.SecuritySeeder : Backfilled 2 PACKAGE_TEMPLATES/APPROVE role-permission row(s).
2026-07-19 00:24:06.719 INFO  restartedMain c.c.h.config.SecuritySeeder : Backfilled 2 PACKAGE_TEMPLATES/APPROVE role-permission row(s).
2026-07-19 00:24:06.748 INFO  restartedMain c.c.h.security.PermissionService : Permission cache reloaded (4 roles).
2026-07-19 00:24:06.748 INFO  restartedMain c.c.h.security.PermissionService : Permission cache reloaded (4 roles).
2026-07-19 00:24:06.766 INFO  restartedMain o.s.b.d.a.ConditionEvaluationDeltaLoggingListener : Condition evaluation delta:


==========================
CONDITION EVALUATION DELTA
==========================


Positive matches:
-----------------

    None


Negative matches:
-----------------

   ServletWebSecurityAutoConfiguration.EnableWebSecurityConfiguration:
      Did not match:
         - @ConditionalOnMissingBean (names: springSecurityFilterChain; SearchStrategy: all) found beans named springSecurityFilterChain (OnBeanCondition)
      Matched:
         - @ConditionalOnClass found required class 'org.springframework.security.config.annotation.web.configuration.EnableWebSecurity' (OnClassCondition)

   ServletWebSecurityAutoConfiguration.SecurityFilterChainConfiguration:
      Did not match:
         - AllNestedConditions 1 matched 1 did not; NestedCondition on DefaultWebSecurityCondition.Beans @ConditionalOnMissingBean (types: org.springframework.security.web.SecurityFilterChain; SearchStrategy: all) found beans of type 'org.springframework.security.web.SecurityFilterChain' securityFilterChain; NestedCondition on DefaultWebSecurityCondition.Classes @ConditionalOnClass found required classes 'org.springframework.security.web.SecurityFilterChain', 'org.springframework.security.config.annotation.web.builders.HttpSecurity' (DefaultWebSecurityCondition)

   UserDetailsServiceAutoConfiguration:
      Did not match:
         - @ConditionalOnMissingBean (types: org.springframework.security.authentication.AuthenticationManager,org.springframework.security.authentication.AuthenticationProvider,org.springframework.security.core.userdetails.UserDetailsService,org.springframework.security.authentication.AuthenticationManagerResolver,org.springframework.security.oauth2.jwt.JwtDecoder; SearchStrategy: all) found beans of type 'org.springframework.security.core.userdetails.UserDetailsService' appUserDetailsService (OnBeanCondition)
      Matched:
         - @ConditionalOnClass found required class 'org.springframework.security.authentication.AuthenticationManager' (OnClassCondition)
         - found 'session' scope (OnWebApplicationCondition)
         - AnyNestedCondition 1 matched 2 did not; NestedCondition on MissingAlternativeUserDetailsManagerOrUserPropertiesConfigured.PasswordConfigured @ConditionalOnProperty (spring.security.user.password) did not find property 'spring.security.user.password'; NestedCondition on MissingAlternativeUserDetailsManagerOrUserPropertiesConfigured.NameConfigured @ConditionalOnProperty (spring.security.user.name) did not find property 'spring.security.user.name'; NestedCondition on MissingAlternativeUserDetailsManagerOrUserPropertiesConfigured.MissingAlternative @ConditionalOnMissingClass did not find unwanted classes 'org.springframework.security.oauth2.client.registration.ClientRegistrationRepository', 'org.springframework.security.oauth2.server.resource.introspection.OpaqueTokenIntrospector', 'org.springframework.security.saml2.provider.service.registration.RelyingPartyRegistrationRepository' (MissingAlternativeUserDetailsManagerOrUserPropertiesConfigured)


Exclusions:
-----------

    None


Unconditional classes:
----------------------

    None



2026-07-19 00:26:40.615 INFO  http-nio-8080-exec-1 o.a.c.c.C.[Tomcat-1].[localhost].[/] : Initializing Spring DispatcherServlet 'dispatcherServlet'
2026-07-19 00:26:40.616 INFO  http-nio-8080-exec-1 o.s.web.servlet.DispatcherServlet : Initializing Servlet 'dispatcherServlet'
2026-07-19 00:26:40.622 INFO  http-nio-8080-exec-1 o.s.web.servlet.DispatcherServlet : Completed initialization in 6 ms
2026-07-19 00:27:51.614 WARN  http-nio-8080-exec-8 c.c.h.e.GlobalExceptionHandler : Access denied: The all-therapists calendar isn't available for your role.
2026-07-19 00:27:51.614 WARN  http-nio-8080-exec-8 c.c.h.e.GlobalExceptionHandler : Access denied: The all-therapists calendar isn't available for your role.
2026-07-19 00:27:51.616 WARN  http-nio-8080-exec-8 o.s.w.s.m.m.a.ExceptionHandlerExceptionResolver : Resolved [org.springframework.security.access.AccessDeniedException: The all-therapists calendar isn't available for your role.]
2026-07-19 00:28:43.764 INFO  http-nio-8080-exec-3 c.c.h.service.PackageTemplateService : Permanently deleted package template id=3 name='AAAAAAAA'
2026-07-19 00:28:43.764 INFO  http-nio-8080-exec-3 c.c.h.service.PackageTemplateService : Permanently deleted package template id=3 name='AAAAAAAA'
